[5.197s] Invoking command in '/home/ubuntu/script test/src/machine_move': PYTHONPATH=/home/ubuntu/script test/build/machine_move/prefix_override:/home/ubuntu/script test/install/machine_move/lib/python3.10/site-packages:${PYTHONPATH} /usr/bin/python3 -W ignore:setup.py install is deprecated setup.py egg_info --egg-base ../../build/machine_move build --build-base /home/ubuntu/script test/build/machine_move/build install --record /home/ubuntu/script test/build/machine_move/install.log --single-version-externally-managed install_data
[6.281s] running egg_info
[6.353s] writing ../../build/machine_move/machine_move.egg-info/PKG-INFO
[6.360s] writing dependency_links to ../../build/machine_move/machine_move.egg-info/dependency_links.txt
[6.361s] writing entry points to ../../build/machine_move/machine_move.egg-info/entry_points.txt
[6.361s] writing requirements to ../../build/machine_move/machine_move.egg-info/requires.txt
[6.362s] writing top-level names to ../../build/machine_move/machine_move.egg-info/top_level.txt
[6.503s] reading manifest file '../../build/machine_move/machine_move.egg-info/SOURCES.txt'
[6.505s] writing manifest file '../../build/machine_move/machine_move.egg-info/SOURCES.txt'
[6.505s] running build
[6.505s] running build_py
[6.506s] copying machine_move/move.py -> /home/ubuntu/script test/build/machine_move/build/lib/machine_move
[6.506s] copying machine_move/stop.py -> /home/ubuntu/script test/build/machine_move/build/lib/machine_move
[6.507s] copying machine_move/__init__.py -> /home/ubuntu/script test/build/machine_move/build/lib/machine_move
[6.508s] running install
[6.524s] running install_lib
[6.588s] running install_data
[6.588s] copying resource/machine_move -> /home/ubuntu/script test/install/machine_move/share/ament_index/resource_index/packages
[6.590s] copying package.xml -> /home/ubuntu/script test/install/machine_move/share/machine_move
[6.590s] running install_egg_info
[6.652s] removing '/home/ubuntu/script test/install/machine_move/lib/python3.10/site-packages/machine_move-0.0.0-py3.10.egg-info' (and everything under it)
[6.652s] Copying ../../build/machine_move/machine_move.egg-info to /home/ubuntu/script test/install/machine_move/lib/python3.10/site-packages/machine_move-0.0.0-py3.10.egg-info
[6.655s] running install_scripts
[7.210s] Installing move script to /home/ubuntu/script test/install/machine_move/lib/machine_move
[7.211s] Installing stop script to /home/ubuntu/script test/install/machine_move/lib/machine_move
[7.212s] writing list of installed files to '/home/ubuntu/script test/build/machine_move/install.log'
[7.350s] Invoked command in '/home/ubuntu/script test/src/machine_move' returned '0': PYTHONPATH=/home/ubuntu/script test/build/machine_move/prefix_override:/home/ubuntu/script test/install/machine_move/lib/python3.10/site-packages:${PYTHONPATH} /usr/bin/python3 -W ignore:setup.py install is deprecated setup.py egg_info --egg-base ../../build/machine_move build --build-base /home/ubuntu/script test/build/machine_move/build install --record /home/ubuntu/script test/build/machine_move/install.log --single-version-externally-managed install_data
