[0.675s] [34mcolcon[0m [1;30mDEBUG[0m [32mCommand line arguments: ['/home/ubuntu/.local/bin/colcon', 'build'][0m
[0.676s] [34mcolcon[0m [1;30mDEBUG[0m [32mParsed command line arguments: Namespace(log_base=None, log_level=None, verb_name='build', build_base='build', install_base='install', merge_install=False, symlink_install=False, test_result_base=None, continue_on_error=False, executor='parallel', parallel_workers=6, event_handlers=None, ignore_user_meta=False, metas=['./colcon.meta'], base_paths=['.'], packages_ignore=None, packages_ignore_regex=None, paths=None, packages_up_to=None, packages_up_to_regex=None, packages_above=None, packages_above_and_dependencies=None, packages_above_depth=None, packages_select_by_dep=None, packages_skip_by_dep=None, packages_skip_up_to=None, packages_select_build_failed=False, packages_skip_build_finished=False, packages_select_test_failures=False, packages_skip_test_passed=False, packages_select=None, packages_skip=None, packages_select_regex=None, packages_skip_regex=None, packages_start=None, packages_end=None, allow_overriding=[], cmake_args=None, cmake_target=None, cmake_target_skip_unavailable=False, cmake_clean_cache=False, cmake_clean_first=False, cmake_force_configure=False, ament_cmake_args=None, catkin_cmake_args=None, catkin_skip_building_tests=False, verb_parser=<colcon_defaults.argument_parser.defaults.DefaultArgumentsDecorator object at 0xffff766f7430>, verb_extension=<colcon_core.verb.build.BuildVerb object at 0xffff7662ca60>, main=<bound method BuildVerb.main of <colcon_core.verb.build.BuildVerb object at 0xffff7662ca60>>)[0m
[0.824s] [34mcolcon.colcon_core.package_discovery[0m [1;30mLevel 1[0m discover_packages(colcon_meta) check parameters
[0.824s] [34mcolcon.colcon_core.package_discovery[0m [1;30mLevel 1[0m discover_packages(recursive) check parameters
[0.824s] [34mcolcon.colcon_core.package_discovery[0m [1;30mLevel 1[0m discover_packages(ignore) check parameters
[0.824s] [34mcolcon.colcon_core.package_discovery[0m [1;30mLevel 1[0m discover_packages(path) check parameters
[0.824s] [34mcolcon.colcon_core.package_discovery[0m [1;30mLevel 1[0m discover_packages(colcon_meta) discover
[0.825s] [34mcolcon.colcon_core.package_discovery[0m [1;30mLevel 1[0m discover_packages(recursive) discover
[0.825s] [34mcolcon.colcon_core.package_discovery[0m [1;30mINFO[0m Crawling recursively for packages in '/home/ubuntu/script test'
[0.825s] [34mcolcon.colcon_core.package_identification[0m [1;30mLevel 1[0m _identify(.) by extensions ['ignore', 'ignore_ament_install']
[0.825s] [34mcolcon.colcon_core.package_identification[0m [1;30mLevel 1[0m _identify(.) by extension 'ignore'
[0.825s] [34mcolcon.colcon_core.package_identification[0m [1;30mLevel 1[0m _identify(.) by extension 'ignore_ament_install'
[0.826s] [34mcolcon.colcon_core.package_identification[0m [1;30mLevel 1[0m _identify(.) by extensions ['colcon_pkg']
[0.826s] [34mcolcon.colcon_core.package_identification[0m [1;30mLevel 1[0m _identify(.) by extension 'colcon_pkg'
[0.826s] [34mcolcon.colcon_core.package_identification[0m [1;30mLevel 1[0m _identify(.) by extensions ['colcon_meta']
[0.826s] [34mcolcon.colcon_core.package_identification[0m [1;30mLevel 1[0m _identify(.) by extension 'colcon_meta'
[0.826s] [34mcolcon.colcon_core.package_identification[0m [1;30mLevel 1[0m _identify(.) by extensions ['ros']
[0.826s] [34mcolcon.colcon_core.package_identification[0m [1;30mLevel 1[0m _identify(.) by extension 'ros'
[0.878s] [34mcolcon.colcon_core.package_identification[0m [1;30mLevel 1[0m _identify(.) by extensions ['cmake', 'python']
[0.878s] [34mcolcon.colcon_core.package_identification[0m [1;30mLevel 1[0m _identify(.) by extension 'cmake'
[0.878s] [34mcolcon.colcon_core.package_identification[0m [1;30mLevel 1[0m _identify(.) by extension 'python'
[0.878s] [34mcolcon.colcon_core.package_identification[0m [1;30mLevel 1[0m _identify(.) by extensions ['python_setup_py']
[0.879s] [34mcolcon.colcon_core.package_identification[0m [1;30mLevel 1[0m _identify(.) by extension 'python_setup_py'
[0.879s] [34mcolcon.colcon_core.package_identification[0m [1;30mLevel 1[0m _identify(build) by extensions ['ignore', 'ignore_ament_install']
[0.879s] [34mcolcon.colcon_core.package_identification[0m [1;30mLevel 1[0m _identify(build) by extension 'ignore'
[0.879s] [34mcolcon.colcon_core.package_identification[0m [1;30mLevel 1[0m _identify(build) ignored
[0.880s] [34mcolcon.colcon_core.package_identification[0m [1;30mLevel 1[0m _identify(install) by extensions ['ignore', 'ignore_ament_install']
[0.880s] [34mcolcon.colcon_core.package_identification[0m [1;30mLevel 1[0m _identify(install) by extension 'ignore'
[0.880s] [34mcolcon.colcon_core.package_identification[0m [1;30mLevel 1[0m _identify(install) ignored
[0.880s] [34mcolcon.colcon_core.package_identification[0m [1;30mLevel 1[0m _identify(log) by extensions ['ignore', 'ignore_ament_install']
[0.880s] [34mcolcon.colcon_core.package_identification[0m [1;30mLevel 1[0m _identify(log) by extension 'ignore'
[0.880s] [34mcolcon.colcon_core.package_identification[0m [1;30mLevel 1[0m _identify(log) ignored
[0.881s] [34mcolcon.colcon_core.package_identification[0m [1;30mLevel 1[0m _identify(src) by extensions ['ignore', 'ignore_ament_install']
[0.883s] [34mcolcon.colcon_core.package_identification[0m [1;30mLevel 1[0m _identify(src) by extension 'ignore'
[0.883s] [34mcolcon.colcon_core.package_identification[0m [1;30mLevel 1[0m _identify(src) by extension 'ignore_ament_install'
[0.884s] [34mcolcon.colcon_core.package_identification[0m [1;30mLevel 1[0m _identify(src) by extensions ['colcon_pkg']
[0.884s] [34mcolcon.colcon_core.package_identification[0m [1;30mLevel 1[0m _identify(src) by extension 'colcon_pkg'
[0.884s] [34mcolcon.colcon_core.package_identification[0m [1;30mLevel 1[0m _identify(src) by extensions ['colcon_meta']
[0.884s] [34mcolcon.colcon_core.package_identification[0m [1;30mLevel 1[0m _identify(src) by extension 'colcon_meta'
[0.884s] [34mcolcon.colcon_core.package_identification[0m [1;30mLevel 1[0m _identify(src) by extensions ['ros']
[0.884s] [34mcolcon.colcon_core.package_identification[0m [1;30mLevel 1[0m _identify(src) by extension 'ros'
[0.884s] [34mcolcon.colcon_core.package_identification[0m [1;30mLevel 1[0m _identify(src) by extensions ['cmake', 'python']
[0.884s] [34mcolcon.colcon_core.package_identification[0m [1;30mLevel 1[0m _identify(src) by extension 'cmake'
[0.884s] [34mcolcon.colcon_core.package_identification[0m [1;30mLevel 1[0m _identify(src) by extension 'python'
[0.884s] [34mcolcon.colcon_core.package_identification[0m [1;30mLevel 1[0m _identify(src) by extensions ['python_setup_py']
[0.885s] [34mcolcon.colcon_core.package_identification[0m [1;30mLevel 1[0m _identify(src) by extension 'python_setup_py'
[0.885s] [34mcolcon.colcon_core.package_identification[0m [1;30mLevel 1[0m _identify(src/capture_topic) by extensions ['ignore', 'ignore_ament_install']
[0.885s] [34mcolcon.colcon_core.package_identification[0m [1;30mLevel 1[0m _identify(src/capture_topic) by extension 'ignore'
[0.885s] [34mcolcon.colcon_core.package_identification[0m [1;30mLevel 1[0m _identify(src/capture_topic) by extension 'ignore_ament_install'
[0.885s] [34mcolcon.colcon_core.package_identification[0m [1;30mLevel 1[0m _identify(src/capture_topic) by extensions ['colcon_pkg']
[0.885s] [34mcolcon.colcon_core.package_identification[0m [1;30mLevel 1[0m _identify(src/capture_topic) by extension 'colcon_pkg'
[0.885s] [34mcolcon.colcon_core.package_identification[0m [1;30mLevel 1[0m _identify(src/capture_topic) by extensions ['colcon_meta']
[0.886s] [34mcolcon.colcon_core.package_identification[0m [1;30mLevel 1[0m _identify(src/capture_topic) by extension 'colcon_meta'
[0.886s] [34mcolcon.colcon_core.package_identification[0m [1;30mLevel 1[0m _identify(src/capture_topic) by extensions ['ros']
[0.886s] [34mcolcon.colcon_core.package_identification[0m [1;30mLevel 1[0m _identify(src/capture_topic) by extension 'ros'
[0.894s] [34mcolcon.colcon_core.package_identification[0m [1;30mDEBUG[0m [32mPackage 'src/capture_topic' with type 'ros.ament_python' and name 'capture_topic'[0m
[0.895s] [34mcolcon.colcon_core.package_identification[0m [1;30mLevel 1[0m _identify(src/machine_move) by extensions ['ignore', 'ignore_ament_install']
[0.895s] [34mcolcon.colcon_core.package_identification[0m [1;30mLevel 1[0m _identify(src/machine_move) by extension 'ignore'
[0.896s] [34mcolcon.colcon_core.package_identification[0m [1;30mLevel 1[0m _identify(src/machine_move) by extension 'ignore_ament_install'
[0.896s] [34mcolcon.colcon_core.package_identification[0m [1;30mLevel 1[0m _identify(src/machine_move) by extensions ['colcon_pkg']
[0.896s] [34mcolcon.colcon_core.package_identification[0m [1;30mLevel 1[0m _identify(src/machine_move) by extension 'colcon_pkg'
[0.896s] [34mcolcon.colcon_core.package_identification[0m [1;30mLevel 1[0m _identify(src/machine_move) by extensions ['colcon_meta']
[0.896s] [34mcolcon.colcon_core.package_identification[0m [1;30mLevel 1[0m _identify(src/machine_move) by extension 'colcon_meta'
[0.896s] [34mcolcon.colcon_core.package_identification[0m [1;30mLevel 1[0m _identify(src/machine_move) by extensions ['ros']
[0.896s] [34mcolcon.colcon_core.package_identification[0m [1;30mLevel 1[0m _identify(src/machine_move) by extension 'ros'
[0.904s] [34mcolcon.colcon_core.package_identification[0m [1;30mDEBUG[0m [32mPackage 'src/machine_move' with type 'ros.ament_python' and name 'machine_move'[0m
[0.904s] [34mcolcon.colcon_core.package_identification[0m [1;30mLevel 1[0m _identify(src/msc) by extensions ['ignore', 'ignore_ament_install']
[0.905s] [34mcolcon.colcon_core.package_identification[0m [1;30mLevel 1[0m _identify(src/msc) by extension 'ignore'
[0.905s] [34mcolcon.colcon_core.package_identification[0m [1;30mLevel 1[0m _identify(src/msc) by extension 'ignore_ament_install'
[0.906s] [34mcolcon.colcon_core.package_identification[0m [1;30mLevel 1[0m _identify(src/msc) by extensions ['colcon_pkg']
[0.906s] [34mcolcon.colcon_core.package_identification[0m [1;30mLevel 1[0m _identify(src/msc) by extension 'colcon_pkg'
[0.906s] [34mcolcon.colcon_core.package_identification[0m [1;30mLevel 1[0m _identify(src/msc) by extensions ['colcon_meta']
[0.906s] [34mcolcon.colcon_core.package_identification[0m [1;30mLevel 1[0m _identify(src/msc) by extension 'colcon_meta'
[0.907s] [34mcolcon.colcon_core.package_identification[0m [1;30mLevel 1[0m _identify(src/msc) by extensions ['ros']
[0.907s] [34mcolcon.colcon_core.package_identification[0m [1;30mLevel 1[0m _identify(src/msc) by extension 'ros'
[0.907s] [34mcolcon.colcon_core.package_identification[0m [1;30mLevel 1[0m _identify(src/msc) by extensions ['cmake', 'python']
[0.907s] [34mcolcon.colcon_core.package_identification[0m [1;30mLevel 1[0m _identify(src/msc) by extension 'cmake'
[0.907s] [34mcolcon.colcon_core.package_identification[0m [1;30mLevel 1[0m _identify(src/msc) by extension 'python'
[0.907s] [34mcolcon.colcon_core.package_identification[0m [1;30mLevel 1[0m _identify(src/msc) by extensions ['python_setup_py']
[0.908s] [34mcolcon.colcon_core.package_identification[0m [1;30mLevel 1[0m _identify(src/msc) by extension 'python_setup_py'
[0.908s] [34mcolcon.colcon_core.package_identification[0m [1;30mLevel 1[0m _identify(src/msc/14568787b9f27199e9ec950aa0af565e) by extensions ['ignore', 'ignore_ament_install']
[0.909s] [34mcolcon.colcon_core.package_identification[0m [1;30mLevel 1[0m _identify(src/msc/14568787b9f27199e9ec950aa0af565e) by extension 'ignore'
[0.910s] [34mcolcon.colcon_core.package_identification[0m [1;30mLevel 1[0m _identify(src/msc/14568787b9f27199e9ec950aa0af565e) by extension 'ignore_ament_install'
[0.910s] [34mcolcon.colcon_core.package_identification[0m [1;30mLevel 1[0m _identify(src/msc/14568787b9f27199e9ec950aa0af565e) by extensions ['colcon_pkg']
[0.911s] [34mcolcon.colcon_core.package_identification[0m [1;30mLevel 1[0m _identify(src/msc/14568787b9f27199e9ec950aa0af565e) by extension 'colcon_pkg'
[0.911s] [34mcolcon.colcon_core.package_identification[0m [1;30mLevel 1[0m _identify(src/msc/14568787b9f27199e9ec950aa0af565e) by extensions ['colcon_meta']
[0.911s] [34mcolcon.colcon_core.package_identification[0m [1;30mLevel 1[0m _identify(src/msc/14568787b9f27199e9ec950aa0af565e) by extension 'colcon_meta'
[0.912s] [34mcolcon.colcon_core.package_identification[0m [1;30mLevel 1[0m _identify(src/msc/14568787b9f27199e9ec950aa0af565e) by extensions ['ros']
[0.912s] [34mcolcon.colcon_core.package_identification[0m [1;30mLevel 1[0m _identify(src/msc/14568787b9f27199e9ec950aa0af565e) by extension 'ros'
[0.912s] [34mcolcon.colcon_core.package_identification[0m [1;30mLevel 1[0m _identify(src/msc/14568787b9f27199e9ec950aa0af565e) by extensions ['cmake', 'python']
[0.912s] [34mcolcon.colcon_core.package_identification[0m [1;30mLevel 1[0m _identify(src/msc/14568787b9f27199e9ec950aa0af565e) by extension 'cmake'
[0.912s] [34mcolcon.colcon_core.package_identification[0m [1;30mLevel 1[0m _identify(src/msc/14568787b9f27199e9ec950aa0af565e) by extension 'python'
[0.912s] [34mcolcon.colcon_core.package_identification[0m [1;30mLevel 1[0m _identify(src/msc/14568787b9f27199e9ec950aa0af565e) by extensions ['python_setup_py']
[0.912s] [34mcolcon.colcon_core.package_identification[0m [1;30mLevel 1[0m _identify(src/msc/14568787b9f27199e9ec950aa0af565e) by extension 'python_setup_py'
[0.913s] [34mcolcon.colcon_core.package_discovery[0m [1;30mLevel 1[0m discover_packages(recursive) using defaults
[0.913s] [34mcolcon.colcon_core.package_discovery[0m [1;30mLevel 1[0m discover_packages(ignore) discover
[0.913s] [34mcolcon.colcon_core.package_discovery[0m [1;30mLevel 1[0m discover_packages(ignore) using defaults
[0.913s] [34mcolcon.colcon_core.package_discovery[0m [1;30mLevel 1[0m discover_packages(path) discover
[0.913s] [34mcolcon.colcon_core.package_discovery[0m [1;30mLevel 1[0m discover_packages(path) using defaults
[1.022s] [34mcolcon.colcon_core.package_discovery[0m [1;30mLevel 1[0m discover_packages(prefix_path) check parameters
[1.022s] [34mcolcon.colcon_core.package_discovery[0m [1;30mLevel 1[0m discover_packages(prefix_path) discover
[1.035s] [34mcolcon.colcon_installed_package_information.package_discovery[0m [1;30mDEBUG[0m [32mFound 2 installed packages in /home/ubuntu/script test/install[0m
[1.038s] [34mcolcon.colcon_installed_package_information.package_discovery[0m [1;30mDEBUG[0m [32mFound 14 installed packages in /home/ubuntu/third_party_ros2/rtabmap_ws/install[0m
[1.040s] [34mcolcon.colcon_installed_package_information.package_discovery[0m [1;30mDEBUG[0m [32mFound 3 installed packages in /home/ubuntu/third_party_ros2/orbbec_ws/install[0m
[1.044s] [34mcolcon.colcon_installed_package_information.package_discovery[0m [1;30mDEBUG[0m [32mFound 15 installed packages in /home/ubuntu/third_party_ros2/third_party_ws/install[0m
[1.046s] [34mcolcon.colcon_installed_package_information.package_discovery[0m [1;30mDEBUG[0m [32mFound 19 installed packages in /home/ubuntu/ros2_ws/install[0m
[1.052s] [34mcolcon.colcon_installed_package_information.package_discovery[0m [1;30mDEBUG[0m [32mFound 357 installed packages in /opt/ros/humble[0m
[1.057s] [34mcolcon.colcon_core.package_discovery[0m [1;30mLevel 1[0m discover_packages(prefix_path) using defaults
[1.297s] [34mcolcon.colcon_core.verb[0m [1;30mLevel 5[0m set package 'capture_topic' build argument 'cmake_args' from command line to 'None'
[1.297s] [34mcolcon.colcon_core.verb[0m [1;30mLevel 5[0m set package 'capture_topic' build argument 'cmake_target' from command line to 'None'
[1.297s] [34mcolcon.colcon_core.verb[0m [1;30mLevel 5[0m set package 'capture_topic' build argument 'cmake_target_skip_unavailable' from command line to 'False'
[1.297s] [34mcolcon.colcon_core.verb[0m [1;30mLevel 5[0m set package 'capture_topic' build argument 'cmake_clean_cache' from command line to 'False'
[1.297s] [34mcolcon.colcon_core.verb[0m [1;30mLevel 5[0m set package 'capture_topic' build argument 'cmake_clean_first' from command line to 'False'
[1.298s] [34mcolcon.colcon_core.verb[0m [1;30mLevel 5[0m set package 'capture_topic' build argument 'cmake_force_configure' from command line to 'False'
[1.298s] [34mcolcon.colcon_core.verb[0m [1;30mLevel 5[0m set package 'capture_topic' build argument 'ament_cmake_args' from command line to 'None'
[1.298s] [34mcolcon.colcon_core.verb[0m [1;30mLevel 5[0m set package 'capture_topic' build argument 'catkin_cmake_args' from command line to 'None'
[1.298s] [34mcolcon.colcon_core.verb[0m [1;30mLevel 5[0m set package 'capture_topic' build argument 'catkin_skip_building_tests' from command line to 'False'
[1.298s] [34mcolcon.colcon_core.verb[0m [1;30mDEBUG[0m [32mBuilding package 'capture_topic' with the following arguments: {'ament_cmake_args': None, 'build_base': '/home/ubuntu/script test/build/capture_topic', 'catkin_cmake_args': None, 'catkin_skip_building_tests': False, 'cmake_args': None, 'cmake_clean_cache': False, 'cmake_clean_first': False, 'cmake_force_configure': False, 'cmake_target': None, 'cmake_target_skip_unavailable': False, 'install_base': '/home/ubuntu/script test/install/capture_topic', 'merge_install': False, 'path': '/home/ubuntu/script test/src/capture_topic', 'symlink_install': False, 'test_result_base': None}[0m
[1.300s] [34mcolcon.colcon_core.verb[0m [1;30mLevel 5[0m set package 'machine_move' build argument 'cmake_args' from command line to 'None'
[1.300s] [34mcolcon.colcon_core.verb[0m [1;30mLevel 5[0m set package 'machine_move' build argument 'cmake_target' from command line to 'None'
[1.300s] [34mcolcon.colcon_core.verb[0m [1;30mLevel 5[0m set package 'machine_move' build argument 'cmake_target_skip_unavailable' from command line to 'False'
[1.300s] [34mcolcon.colcon_core.verb[0m [1;30mLevel 5[0m set package 'machine_move' build argument 'cmake_clean_cache' from command line to 'False'
[1.300s] [34mcolcon.colcon_core.verb[0m [1;30mLevel 5[0m set package 'machine_move' build argument 'cmake_clean_first' from command line to 'False'
[1.300s] [34mcolcon.colcon_core.verb[0m [1;30mLevel 5[0m set package 'machine_move' build argument 'cmake_force_configure' from command line to 'False'
[1.301s] [34mcolcon.colcon_core.verb[0m [1;30mLevel 5[0m set package 'machine_move' build argument 'ament_cmake_args' from command line to 'None'
[1.301s] [34mcolcon.colcon_core.verb[0m [1;30mLevel 5[0m set package 'machine_move' build argument 'catkin_cmake_args' from command line to 'None'
[1.301s] [34mcolcon.colcon_core.verb[0m [1;30mLevel 5[0m set package 'machine_move' build argument 'catkin_skip_building_tests' from command line to 'False'
[1.301s] [34mcolcon.colcon_core.verb[0m [1;30mDEBUG[0m [32mBuilding package 'machine_move' with the following arguments: {'ament_cmake_args': None, 'build_base': '/home/ubuntu/script test/build/machine_move', 'catkin_cmake_args': None, 'catkin_skip_building_tests': False, 'cmake_args': None, 'cmake_clean_cache': False, 'cmake_clean_first': False, 'cmake_force_configure': False, 'cmake_target': None, 'cmake_target_skip_unavailable': False, 'install_base': '/home/ubuntu/script test/install/machine_move', 'merge_install': False, 'path': '/home/ubuntu/script test/src/machine_move', 'symlink_install': False, 'test_result_base': None}[0m
[1.302s] [34mcolcon.colcon_core.executor[0m [1;30mINFO[0m Executing jobs using 'parallel' executor
[1.308s] [34mcolcon.colcon_parallel_executor.executor.parallel[0m [1;30mDEBUG[0m [32mrun_until_complete[0m
[1.308s] [34mcolcon.colcon_ros.task.ament_python.build[0m [1;30mINFO[0m Building ROS package in '/home/ubuntu/script test/src/capture_topic' with build type 'ament_python'
[1.310s] [34mcolcon.colcon_core.shell[0m [1;30mLevel 1[0m create_environment_hook('capture_topic', 'ament_prefix_path')
[1.322s] [34mcolcon.colcon_core.plugin_system[0m [1;30mINFO[0m Skipping extension 'colcon_core.shell.bat': Not used on non-Windows systems
[1.323s] [34mcolcon.colcon_core.shell[0m [1;30mINFO[0m Creating environment hook '/home/ubuntu/script test/install/capture_topic/share/capture_topic/hook/ament_prefix_path.ps1'
[1.325s] [34mcolcon.colcon_core.shell[0m [1;30mINFO[0m Creating environment descriptor '/home/ubuntu/script test/install/capture_topic/share/capture_topic/hook/ament_prefix_path.dsv'
[1.328s] [34mcolcon.colcon_core.shell[0m [1;30mINFO[0m Creating environment hook '/home/ubuntu/script test/install/capture_topic/share/capture_topic/hook/ament_prefix_path.sh'
[1.331s] [34mcolcon.colcon_core.shell[0m [1;30mINFO[0m Skip shell extension 'powershell' for command environment: Not usable outside of PowerShell
[1.331s] [34mcolcon.colcon_core.shell[0m [1;30mDEBUG[0m [32mSkip shell extension 'dsv' for command environment[0m
[1.369s] [34mcolcon.colcon_ros.task.ament_python.build[0m [1;30mINFO[0m Building ROS package in '/home/ubuntu/script test/src/machine_move' with build type 'ament_python'
[1.370s] [34mcolcon.colcon_core.shell[0m [1;30mLevel 1[0m create_environment_hook('machine_move', 'ament_prefix_path')
[1.372s] [34mcolcon.colcon_core.shell[0m [1;30mINFO[0m Creating environment hook '/home/ubuntu/script test/install/machine_move/share/machine_move/hook/ament_prefix_path.ps1'
[1.377s] [34mcolcon.colcon_core.shell[0m [1;30mINFO[0m Creating environment descriptor '/home/ubuntu/script test/install/machine_move/share/machine_move/hook/ament_prefix_path.dsv'
[1.378s] [34mcolcon.colcon_core.shell[0m [1;30mINFO[0m Creating environment hook '/home/ubuntu/script test/install/machine_move/share/machine_move/hook/ament_prefix_path.sh'
[1.381s] [34mcolcon.colcon_core.shell[0m [1;30mINFO[0m Skip shell extension 'powershell' for command environment: Not usable outside of PowerShell
[1.382s] [34mcolcon.colcon_core.shell[0m [1;30mDEBUG[0m [32mSkip shell extension 'dsv' for command environment[0m
[5.513s] [34mcolcon.colcon_core.task.python.build[0m [1;30mINFO[0m Building Python package in '/home/ubuntu/script test/src/capture_topic'
[5.514s] [34mcolcon.colcon_core.shell[0m [1;30mINFO[0m Skip shell extension 'powershell' for command environment: Not usable outside of PowerShell
[5.515s] [34mcolcon.colcon_core.shell[0m [1;30mDEBUG[0m [32mSkip shell extension 'dsv' for command environment[0m
[6.916s] [34mcolcon.colcon_core.task.python.build[0m [1;30mINFO[0m Building Python package in '/home/ubuntu/script test/src/machine_move'
[6.918s] [34mcolcon.colcon_core.shell[0m [1;30mINFO[0m Skip shell extension 'powershell' for command environment: Not usable outside of PowerShell
[6.918s] [34mcolcon.colcon_core.shell[0m [1;30mDEBUG[0m [32mSkip shell extension 'dsv' for command environment[0m
[10.970s] [34mcolcon.colcon_core.event_handler.log_command[0m [1;30mDEBUG[0m [32mInvoking command in '/home/ubuntu/script test/src/machine_move': PYTHONPATH=/home/ubuntu/script test/build/machine_move/prefix_override:/home/ubuntu/script test/install/machine_move/lib/python3.10/site-packages:${PYTHONPATH} /usr/bin/python3 -W ignore:setup.py install is deprecated setup.py egg_info --egg-base ../../build/machine_move build --build-base /home/ubuntu/script test/build/machine_move/build install --record /home/ubuntu/script test/build/machine_move/install.log --single-version-externally-managed install_data[0m
[11.058s] [34mcolcon.colcon_core.event_handler.log_command[0m [1;30mDEBUG[0m [32mInvoking command in '/home/ubuntu/script test/src/capture_topic': PYTHONPATH=/home/ubuntu/script test/build/capture_topic/prefix_override:/home/ubuntu/script test/install/capture_topic/lib/python3.10/site-packages:${PYTHONPATH} /usr/bin/python3 -W ignore:setup.py install is deprecated setup.py egg_info --egg-base ../../build/capture_topic build --build-base /home/ubuntu/script test/build/capture_topic/build install --record /home/ubuntu/script test/build/capture_topic/install.log --single-version-externally-managed install_data[0m
[13.350s] [34mcolcon.colcon_core.event_handler.log_command[0m [1;30mDEBUG[0m [32mInvoked command in '/home/ubuntu/script test/src/machine_move' returned '0': PYTHONPATH=/home/ubuntu/script test/build/machine_move/prefix_override:/home/ubuntu/script test/install/machine_move/lib/python3.10/site-packages:${PYTHONPATH} /usr/bin/python3 -W ignore:setup.py install is deprecated setup.py egg_info --egg-base ../../build/machine_move build --build-base /home/ubuntu/script test/build/machine_move/build install --record /home/ubuntu/script test/build/machine_move/install.log --single-version-externally-managed install_data[0m
[13.374s] [34mcolcon.colcon_core.environment[0m [1;30mLevel 1[0m checking '/home/ubuntu/script test/install/machine_move' for CMake module files
[13.376s] [34mcolcon.colcon_core.environment[0m [1;30mLevel 1[0m checking '/home/ubuntu/script test/install/machine_move' for CMake config files
[13.381s] [34mcolcon.colcon_core.environment[0m [1;30mLevel 1[0m checking '/home/ubuntu/script test/install/machine_move/lib'
[13.382s] [34mcolcon.colcon_core.environment[0m [1;30mLevel 1[0m checking '/home/ubuntu/script test/install/machine_move/bin'
[13.383s] [34mcolcon.colcon_core.environment[0m [1;30mLevel 1[0m checking '/home/ubuntu/script test/install/machine_move/lib/pkgconfig/machine_move.pc'
[13.384s] [34mcolcon.colcon_core.environment[0m [1;30mLevel 1[0m checking '/home/ubuntu/script test/install/machine_move/lib/python3.10/site-packages'
[13.384s] [34mcolcon.colcon_core.shell[0m [1;30mLevel 1[0m create_environment_hook('machine_move', 'pythonpath')
[13.387s] [34mcolcon.colcon_core.shell[0m [1;30mINFO[0m Creating environment hook '/home/ubuntu/script test/install/machine_move/share/machine_move/hook/pythonpath.ps1'
[13.390s] [34mcolcon.colcon_core.shell[0m [1;30mINFO[0m Creating environment descriptor '/home/ubuntu/script test/install/machine_move/share/machine_move/hook/pythonpath.dsv'
[13.393s] [34mcolcon.colcon_core.shell[0m [1;30mINFO[0m Creating environment hook '/home/ubuntu/script test/install/machine_move/share/machine_move/hook/pythonpath.sh'
[13.400s] [34mcolcon.colcon_core.environment[0m [1;30mLevel 1[0m checking '/home/ubuntu/script test/install/machine_move/bin'
[13.401s] [34mcolcon.colcon_core.environment[0m [1;30mLevel 1[0m create_environment_scripts_only(machine_move)
[13.402s] [34mcolcon.colcon_core.shell[0m [1;30mINFO[0m Creating package script '/home/ubuntu/script test/install/machine_move/share/machine_move/package.ps1'
[13.407s] [34mcolcon.colcon_core.shell[0m [1;30mINFO[0m Creating package descriptor '/home/ubuntu/script test/install/machine_move/share/machine_move/package.dsv'
[13.410s] [34mcolcon.colcon_core.shell[0m [1;30mINFO[0m Creating package script '/home/ubuntu/script test/install/machine_move/share/machine_move/package.sh'
[13.419s] [34mcolcon.colcon_core.shell[0m [1;30mINFO[0m Creating package script '/home/ubuntu/script test/install/machine_move/share/machine_move/package.bash'
[13.426s] [34mcolcon.colcon_core.shell[0m [1;30mINFO[0m Creating package script '/home/ubuntu/script test/install/machine_move/share/machine_move/package.zsh'
[13.430s] [34mcolcon.colcon_core.environment[0m [1;30mLevel 1[0m create_file_with_runtime_dependencies(/home/ubuntu/script test/install/machine_move/share/colcon-core/packages/machine_move)
[14.418s] [34mcolcon.colcon_core.environment[0m [1;30mLevel 1[0m checking '/home/ubuntu/script test/install/capture_topic' for CMake module files
[14.419s] [34mcolcon.colcon_core.environment[0m [1;30mLevel 1[0m checking '/home/ubuntu/script test/install/capture_topic' for CMake config files
[14.420s] [34mcolcon.colcon_core.event_handler.log_command[0m [1;30mDEBUG[0m [32mInvoked command in '/home/ubuntu/script test/src/capture_topic' returned '0': PYTHONPATH=/home/ubuntu/script test/build/capture_topic/prefix_override:/home/ubuntu/script test/install/capture_topic/lib/python3.10/site-packages:${PYTHONPATH} /usr/bin/python3 -W ignore:setup.py install is deprecated setup.py egg_info --egg-base ../../build/capture_topic build --build-base /home/ubuntu/script test/build/capture_topic/build install --record /home/ubuntu/script test/build/capture_topic/install.log --single-version-externally-managed install_data[0m
[14.422s] [34mcolcon.colcon_core.environment[0m [1;30mLevel 1[0m checking '/home/ubuntu/script test/install/capture_topic/lib'
[14.422s] [34mcolcon.colcon_core.environment[0m [1;30mLevel 1[0m checking '/home/ubuntu/script test/install/capture_topic/bin'
[14.423s] [34mcolcon.colcon_core.environment[0m [1;30mLevel 1[0m checking '/home/ubuntu/script test/install/capture_topic/lib/pkgconfig/capture_topic.pc'
[14.423s] [34mcolcon.colcon_core.environment[0m [1;30mLevel 1[0m checking '/home/ubuntu/script test/install/capture_topic/lib/python3.10/site-packages'
[14.424s] [34mcolcon.colcon_core.shell[0m [1;30mLevel 1[0m create_environment_hook('capture_topic', 'pythonpath')
[14.425s] [34mcolcon.colcon_core.shell[0m [1;30mINFO[0m Creating environment hook '/home/ubuntu/script test/install/capture_topic/share/capture_topic/hook/pythonpath.ps1'
[14.426s] [34mcolcon.colcon_core.shell[0m [1;30mINFO[0m Creating environment descriptor '/home/ubuntu/script test/install/capture_topic/share/capture_topic/hook/pythonpath.dsv'
[14.427s] [34mcolcon.colcon_core.shell[0m [1;30mINFO[0m Creating environment hook '/home/ubuntu/script test/install/capture_topic/share/capture_topic/hook/pythonpath.sh'
[14.428s] [34mcolcon.colcon_core.environment[0m [1;30mLevel 1[0m checking '/home/ubuntu/script test/install/capture_topic/bin'
[14.429s] [34mcolcon.colcon_core.environment[0m [1;30mLevel 1[0m create_environment_scripts_only(capture_topic)
[14.430s] [34mcolcon.colcon_core.shell[0m [1;30mINFO[0m Creating package script '/home/ubuntu/script test/install/capture_topic/share/capture_topic/package.ps1'
[14.431s] [34mcolcon.colcon_core.shell[0m [1;30mINFO[0m Creating package descriptor '/home/ubuntu/script test/install/capture_topic/share/capture_topic/package.dsv'
[14.432s] [34mcolcon.colcon_core.shell[0m [1;30mINFO[0m Creating package script '/home/ubuntu/script test/install/capture_topic/share/capture_topic/package.sh'
[14.437s] [34mcolcon.colcon_core.shell[0m [1;30mINFO[0m Creating package script '/home/ubuntu/script test/install/capture_topic/share/capture_topic/package.bash'
[14.442s] [34mcolcon.colcon_core.shell[0m [1;30mINFO[0m Creating package script '/home/ubuntu/script test/install/capture_topic/share/capture_topic/package.zsh'
[14.443s] [34mcolcon.colcon_core.environment[0m [1;30mLevel 1[0m create_file_with_runtime_dependencies(/home/ubuntu/script test/install/capture_topic/share/colcon-core/packages/capture_topic)
[14.446s] [34mcolcon.colcon_parallel_executor.executor.parallel[0m [1;30mDEBUG[0m [32mclosing loop[0m
[14.446s] [34mcolcon.colcon_parallel_executor.executor.parallel[0m [1;30mDEBUG[0m [32mloop closed[0m
[14.446s] [34mcolcon.colcon_parallel_executor.executor.parallel[0m [1;30mDEBUG[0m [32mrun_until_complete finished with '0'[0m
[14.447s] [34mcolcon.colcon_core.event_reactor[0m [1;30mDEBUG[0m [32mjoining thread[0m
[14.591s] [34mcolcon.colcon_core.plugin_system[0m [1;30mINFO[0m Skipping extension 'colcon_notification.desktop_notification.terminal_notifier': Not used on non-Darwin systems
[14.591s] [34mcolcon.colcon_core.plugin_system[0m [1;30mINFO[0m Skipping extension 'colcon_notification.desktop_notification.win32': Not used on non-Windows systems
[14.592s] [34mcolcon.colcon_notification.desktop_notification[0m [1;30mINFO[0m Sending desktop notification using 'notify2'
[14.672s] [34mcolcon.colcon_core.event_reactor[0m [1;30mDEBUG[0m [32mjoined thread[0m
[14.674s] [34mcolcon.colcon_core.shell[0m [1;30mINFO[0m Creating prefix script '/home/ubuntu/script test/install/local_setup.ps1'
[14.678s] [34mcolcon.colcon_core.shell[0m [1;30mINFO[0m Creating prefix util module '/home/ubuntu/script test/install/_local_setup_util_ps1.py'
[14.682s] [34mcolcon.colcon_core.shell[0m [1;30mINFO[0m Creating prefix chain script '/home/ubuntu/script test/install/setup.ps1'
[14.694s] [34mcolcon.colcon_core.shell[0m [1;30mINFO[0m Creating prefix script '/home/ubuntu/script test/install/local_setup.sh'
[14.697s] [34mcolcon.colcon_core.shell[0m [1;30mINFO[0m Creating prefix util module '/home/ubuntu/script test/install/_local_setup_util_sh.py'
[14.698s] [34mcolcon.colcon_core.shell[0m [1;30mINFO[0m Creating prefix chain script '/home/ubuntu/script test/install/setup.sh'
[14.711s] [34mcolcon.colcon_core.shell[0m [1;30mINFO[0m Creating prefix script '/home/ubuntu/script test/install/local_setup.bash'
[14.713s] [34mcolcon.colcon_core.shell[0m [1;30mINFO[0m Creating prefix chain script '/home/ubuntu/script test/install/setup.bash'
[14.724s] [34mcolcon.colcon_core.shell[0m [1;30mINFO[0m Creating prefix script '/home/ubuntu/script test/install/local_setup.zsh'
[14.729s] [34mcolcon.colcon_core.shell[0m [1;30mINFO[0m Creating prefix chain script '/home/ubuntu/script test/install/setup.zsh'
