[9.826s] Invoking command in '/home/ubuntu/script test/src/capture_topic': PYTHONPATH=/home/ubuntu/script test/build/capture_topic/prefix_override:/home/ubuntu/script test/install/capture_topic/lib/python3.10/site-packages:${PYTHONPATH} /usr/bin/python3 -W ignore:setup.py install is deprecated setup.py egg_info --egg-base ../../build/capture_topic build --build-base /home/ubuntu/script test/build/capture_topic/build install --record /home/ubuntu/script test/build/capture_topic/install.log --single-version-externally-managed install_data
[10.881s] running egg_info
[10.929s] writing ../../build/capture_topic/capture_topic.egg-info/PKG-INFO
[10.930s] writing dependency_links to ../../build/capture_topic/capture_topic.egg-info/dependency_links.txt
[10.931s] writing entry points to ../../build/capture_topic/capture_topic.egg-info/entry_points.txt
[10.931s] writing requirements to ../../build/capture_topic/capture_topic.egg-info/requires.txt
[10.931s] writing top-level names to ../../build/capture_topic/capture_topic.egg-info/top_level.txt
[11.025s] reading manifest file '../../build/capture_topic/capture_topic.egg-info/SOURCES.txt'
[11.029s] writing manifest file '../../build/capture_topic/capture_topic.egg-info/SOURCES.txt'
[11.029s] running build
[11.029s] running build_py
[11.030s] copying capture_topic/__init__.py -> /home/ubuntu/script test/build/capture_topic/build/lib/capture_topic
[11.031s] running install
[11.045s] running install_lib
[11.094s] running install_data
[11.095s] copying resource/capture_topic -> /home/ubuntu/script test/install/capture_topic/share/ament_index/resource_index/packages
[11.095s] copying package.xml -> /home/ubuntu/script test/install/capture_topic/share/capture_topic
[11.095s] running install_egg_info
[11.146s] removing '/home/ubuntu/script test/install/capture_topic/lib/python3.10/site-packages/capture_topic-0.0.0-py3.10.egg-info' (and everything under it)
[11.147s] Copying ../../build/capture_topic/capture_topic.egg-info to /home/ubuntu/script test/install/capture_topic/lib/python3.10/site-packages/capture_topic-0.0.0-py3.10.egg-info
[11.149s] running install_scripts
[11.557s] Installing capture_subscriber script to /home/ubuntu/script test/install/capture_topic/lib/capture_topic
[11.559s] writing list of installed files to '/home/ubuntu/script test/build/capture_topic/install.log'
[11.708s] Invoked command in '/home/ubuntu/script test/src/capture_topic' returned '0': PYTHONPATH=/home/ubuntu/script test/build/capture_topic/prefix_override:/home/ubuntu/script test/install/capture_topic/lib/python3.10/site-packages:${PYTHONPATH} /usr/bin/python3 -W ignore:setup.py install is deprecated setup.py egg_info --egg-base ../../build/capture_topic build --build-base /home/ubuntu/script test/build/capture_topic/build install --record /home/ubuntu/script test/build/capture_topic/install.log --single-version-externally-managed install_data
