[25.978s] Invoking command in '/home/ubuntu/script test/src/capture_topic': PYTHONPATH=/home/ubuntu/script test/build/capture_topic/prefix_override:/home/ubuntu/script test/install/capture_topic/lib/python3.10/site-packages:${PYTHONPATH} /usr/bin/python3 -W ignore:setup.py install is deprecated setup.py egg_info --egg-base ../../build/capture_topic build --build-base /home/ubuntu/script test/build/capture_topic/build install --record /home/ubuntu/script test/build/capture_topic/install.log --single-version-externally-managed install_data
[30.146s] running egg_info
[30.599s] writing ../../build/capture_topic/capture_topic.egg-info/PKG-INFO
[30.608s] writing dependency_links to ../../build/capture_topic/capture_topic.egg-info/dependency_links.txt
[30.609s] writing entry points to ../../build/capture_topic/capture_topic.egg-info/entry_points.txt
[30.617s] writing requirements to ../../build/capture_topic/capture_topic.egg-info/requires.txt
[30.623s] writing top-level names to ../../build/capture_topic/capture_topic.egg-info/top_level.txt
[31.003s] reading manifest file '../../build/capture_topic/capture_topic.egg-info/SOURCES.txt'
[31.014s] writing manifest file '../../build/capture_topic/capture_topic.egg-info/SOURCES.txt'
[31.017s] running build
[31.019s] running build_py
[31.028s] copying capture_topic/__init__.py -> /home/ubuntu/script test/build/capture_topic/build/lib/capture_topic
[31.047s] running install
[31.079s] running install_lib
[31.267s] running install_data
[31.280s] copying resource/capture_topic -> /home/ubuntu/script test/install/capture_topic/share/ament_index/resource_index/packages
[31.280s] copying package.xml -> /home/ubuntu/script test/install/capture_topic/share/capture_topic
[31.280s] running install_egg_info
[31.750s] removing '/home/ubuntu/script test/install/capture_topic/lib/python3.10/site-packages/capture_topic-0.0.0-py3.10.egg-info' (and everything under it)
[31.754s] Copying ../../build/capture_topic/capture_topic.egg-info to /home/ubuntu/script test/install/capture_topic/lib/python3.10/site-packages/capture_topic-0.0.0-py3.10.egg-info
[31.764s] running install_scripts
[34.698s] Installing capture_subscriber script to /home/ubuntu/script test/install/capture_topic/lib/capture_topic
[34.700s] writing list of installed files to '/home/ubuntu/script test/build/capture_topic/install.log'
[35.240s] Invoked command in '/home/ubuntu/script test/src/capture_topic' returned '0': PYTHONPATH=/home/ubuntu/script test/build/capture_topic/prefix_override:/home/ubuntu/script test/install/capture_topic/lib/python3.10/site-packages:${PYTHONPATH} /usr/bin/python3 -W ignore:setup.py install is deprecated setup.py egg_info --egg-base ../../build/capture_topic build --build-base /home/ubuntu/script test/build/capture_topic/build install --record /home/ubuntu/script test/build/capture_topic/install.log --single-version-externally-managed install_data
