[10.852s] Invoking command in '/home/ubuntu/script test/src/capture_topic': PYTHONPATH=/home/ubuntu/script test/build/capture_topic/prefix_override:/home/ubuntu/script test/install/capture_topic/lib/python3.10/site-packages:${PYTHONPATH} /usr/bin/python3 -W ignore:setup.py install is deprecated setup.py egg_info --egg-base ../../build/capture_topic build --build-base /home/ubuntu/script test/build/capture_topic/build install --record /home/ubuntu/script test/build/capture_topic/install.log --single-version-externally-managed install_data
[12.683s] running egg_info
[12.747s] writing ../../build/capture_topic/capture_topic.egg-info/PKG-INFO
[12.748s] writing dependency_links to ../../build/capture_topic/capture_topic.egg-info/dependency_links.txt
[12.750s] writing entry points to ../../build/capture_topic/capture_topic.egg-info/entry_points.txt
[12.751s] writing requirements to ../../build/capture_topic/capture_topic.egg-info/requires.txt
[12.751s] writing top-level names to ../../build/capture_topic/capture_topic.egg-info/top_level.txt
[12.885s] reading manifest file '../../build/capture_topic/capture_topic.egg-info/SOURCES.txt'
[12.902s] writing manifest file '../../build/capture_topic/capture_topic.egg-info/SOURCES.txt'
[12.902s] running build
[12.902s] running build_py
[12.903s] copying capture_topic/__init__.py -> /home/ubuntu/script test/build/capture_topic/build/lib/capture_topic
[12.903s] copying capture_topic/capture_sub.py -> /home/ubuntu/script test/build/capture_topic/build/lib/capture_topic
[12.914s] running install
[12.916s] running install_lib
[12.988s] copying /home/ubuntu/script test/build/capture_topic/build/lib/capture_topic/capture_sub.py -> /home/ubuntu/script test/install/capture_topic/lib/python3.10/site-packages/capture_topic
[12.988s] byte-compiling /home/ubuntu/script test/install/capture_topic/lib/python3.10/site-packages/capture_topic/capture_sub.py to capture_sub.cpython-310.pyc
[12.990s] running install_data
[12.990s] copying resource/capture_topic -> /home/ubuntu/script test/install/capture_topic/share/ament_index/resource_index/packages
[12.991s] copying package.xml -> /home/ubuntu/script test/install/capture_topic/share/capture_topic
[12.993s] running install_egg_info
[13.051s] removing '/home/ubuntu/script test/install/capture_topic/lib/python3.10/site-packages/capture_topic-0.0.0-py3.10.egg-info' (and everything under it)
[13.052s] Copying ../../build/capture_topic/capture_topic.egg-info to /home/ubuntu/script test/install/capture_topic/lib/python3.10/site-packages/capture_topic-0.0.0-py3.10.egg-info
[13.056s] running install_scripts
[13.705s] Installing capture_subscriber script to /home/ubuntu/script test/install/capture_topic/lib/capture_topic
[13.706s] writing list of installed files to '/home/ubuntu/script test/build/capture_topic/install.log'
[13.904s] Invoked command in '/home/ubuntu/script test/src/capture_topic' returned '0': PYTHONPATH=/home/ubuntu/script test/build/capture_topic/prefix_override:/home/ubuntu/script test/install/capture_topic/lib/python3.10/site-packages:${PYTHONPATH} /usr/bin/python3 -W ignore:setup.py install is deprecated setup.py egg_info --egg-base ../../build/capture_topic build --build-base /home/ubuntu/script test/build/capture_topic/build install --record /home/ubuntu/script test/build/capture_topic/install.log --single-version-externally-managed install_data
