running egg_info
creating ../../build/machine_move/machine_move.egg-info
writing ../../build/machine_move/machine_move.egg-info/PKG-INFO
writing dependency_links to ../../build/machine_move/machine_move.egg-info/dependency_links.txt
writing entry points to ../../build/machine_move/machine_move.egg-info/entry_points.txt
writing requirements to ../../build/machine_move/machine_move.egg-info/requires.txt
writing top-level names to ../../build/machine_move/machine_move.egg-info/top_level.txt
writing manifest file '../../build/machine_move/machine_move.egg-info/SOURCES.txt'
reading manifest file '../../build/machine_move/machine_move.egg-info/SOURCES.txt'
writing manifest file '../../build/machine_move/machine_move.egg-info/SOURCES.txt'
running build
running build_py
creating /home/ubuntu/script test/build/machine_move/build
creating /home/ubuntu/script test/build/machine_move/build/lib
creating /home/ubuntu/script test/build/machine_move/build/lib/machine_move
copying machine_move/move.py -> /home/ubuntu/script test/build/machine_move/build/lib/machine_move
copying machine_move/stop.py -> /home/ubuntu/script test/build/machine_move/build/lib/machine_move
copying machine_move/__init__.py -> /home/ubuntu/script test/build/machine_move/build/lib/machine_move
running install
running install_lib
creating /home/ubuntu/script test/install/machine_move/lib/python3.10/site-packages/machine_move
copying /home/ubuntu/script test/build/machine_move/build/lib/machine_move/move.py -> /home/ubuntu/script test/install/machine_move/lib/python3.10/site-packages/machine_move
copying /home/ubuntu/script test/build/machine_move/build/lib/machine_move/stop.py -> /home/ubuntu/script test/install/machine_move/lib/python3.10/site-packages/machine_move
copying /home/ubuntu/script test/build/machine_move/build/lib/machine_move/__init__.py -> /home/ubuntu/script test/install/machine_move/lib/python3.10/site-packages/machine_move
byte-compiling /home/ubuntu/script test/install/machine_move/lib/python3.10/site-packages/machine_move/move.py to move.cpython-310.pyc
byte-compiling /home/ubuntu/script test/install/machine_move/lib/python3.10/site-packages/machine_move/stop.py to stop.cpython-310.pyc
byte-compiling /home/ubuntu/script test/install/machine_move/lib/python3.10/site-packages/machine_move/__init__.py to __init__.cpython-310.pyc
running install_data
creating /home/ubuntu/script test/install/machine_move/share/ament_index
creating /home/ubuntu/script test/install/machine_move/share/ament_index/resource_index
creating /home/ubuntu/script test/install/machine_move/share/ament_index/resource_index/packages
copying resource/machine_move -> /home/ubuntu/script test/install/machine_move/share/ament_index/resource_index/packages
copying package.xml -> /home/ubuntu/script test/install/machine_move/share/machine_move
running install_egg_info
Copying ../../build/machine_move/machine_move.egg-info to /home/ubuntu/script test/install/machine_move/lib/python3.10/site-packages/machine_move-0.0.0-py3.10.egg-info
running install_scripts
Installing move script to /home/ubuntu/script test/install/machine_move/lib/machine_move
Installing stop script to /home/ubuntu/script test/install/machine_move/lib/machine_move
writing list of installed files to '/home/ubuntu/script test/build/machine_move/install.log'
