[12.328s] Invoking command in '/home/ubuntu/script test/src/capture_topic': PYTHONPATH=/home/ubuntu/script test/build/capture_topic/prefix_override:/home/ubuntu/script test/install/capture_topic/lib/python3.10/site-packages:${PYTHONPATH} /usr/bin/python3 -W ignore:setup.py install is deprecated setup.py egg_info --egg-base ../../build/capture_topic build --build-base /home/ubuntu/script test/build/capture_topic/build install --record /home/ubuntu/script test/build/capture_topic/install.log --single-version-externally-managed install_data
[13.561s] running egg_info
[13.634s] writing ../../build/capture_topic/capture_topic.egg-info/PKG-INFO
[13.636s] writing dependency_links to ../../build/capture_topic/capture_topic.egg-info/dependency_links.txt
[13.638s] writing entry points to ../../build/capture_topic/capture_topic.egg-info/entry_points.txt
[13.638s] writing requirements to ../../build/capture_topic/capture_topic.egg-info/requires.txt
[13.639s] writing top-level names to ../../build/capture_topic/capture_topic.egg-info/top_level.txt
[13.768s] reading manifest file '../../build/capture_topic/capture_topic.egg-info/SOURCES.txt'
[13.771s] writing manifest file '../../build/capture_topic/capture_topic.egg-info/SOURCES.txt'
[13.772s] running build
[13.772s] running build_py
[13.774s] copying capture_topic/__init__.py -> /home/ubuntu/script test/build/capture_topic/build/lib/capture_topic
[13.774s] running install
[13.791s] running install_lib
[13.854s] running install_data
[13.854s] copying resource/capture_topic -> /home/ubuntu/script test/install/capture_topic/share/ament_index/resource_index/packages
[13.855s] copying package.xml -> /home/ubuntu/script test/install/capture_topic/share/capture_topic
[13.855s] running install_egg_info
[13.927s] removing '/home/ubuntu/script test/install/capture_topic/lib/python3.10/site-packages/capture_topic-0.0.0-py3.10.egg-info' (and everything under it)
[13.928s] Copying ../../build/capture_topic/capture_topic.egg-info to /home/ubuntu/script test/install/capture_topic/lib/python3.10/site-packages/capture_topic-0.0.0-py3.10.egg-info
[13.932s] running install_scripts
[14.490s] Installing capture_subscriber script to /home/ubuntu/script test/install/capture_topic/lib/capture_topic
[14.493s] writing list of installed files to '/home/ubuntu/script test/build/capture_topic/install.log'
[14.660s] Invoked command in '/home/ubuntu/script test/src/capture_topic' returned '0': PYTHONPATH=/home/ubuntu/script test/build/capture_topic/prefix_override:/home/ubuntu/script test/install/capture_topic/lib/python3.10/site-packages:${PYTHONPATH} /usr/bin/python3 -W ignore:setup.py install is deprecated setup.py egg_info --egg-base ../../build/capture_topic build --build-base /home/ubuntu/script test/build/capture_topic/build install --record /home/ubuntu/script test/build/capture_topic/install.log --single-version-externally-managed install_data
