[30.842s] Invoking command in '/home/ubuntu/script test/src/machine_move': PYTHONPATH=/home/ubuntu/script test/build/machine_move/prefix_override:/home/ubuntu/script test/install/machine_move/lib/python3.10/site-packages:${PYTHONPATH} /usr/bin/python3 -W ignore:setup.py install is deprecated setup.py egg_info --egg-base ../../build/machine_move build --build-base /home/ubuntu/script test/build/machine_move/build install --record /home/ubuntu/script test/build/machine_move/install.log --single-version-externally-managed install_data
[35.008s] running egg_info
[35.377s] writing ../../build/machine_move/machine_move.egg-info/PKG-INFO
[35.381s] writing dependency_links to ../../build/machine_move/machine_move.egg-info/dependency_links.txt
[35.381s] writing entry points to ../../build/machine_move/machine_move.egg-info/entry_points.txt
[35.381s] writing requirements to ../../build/machine_move/machine_move.egg-info/requires.txt
[35.381s] writing top-level names to ../../build/machine_move/machine_move.egg-info/top_level.txt
[35.811s] reading manifest file '../../build/machine_move/machine_move.egg-info/SOURCES.txt'
[35.811s] writing manifest file '../../build/machine_move/machine_move.egg-info/SOURCES.txt'
[35.812s] running build
[35.812s] running build_py
[35.812s] copying machine_move/move.py -> /home/ubuntu/script test/build/machine_move/build/lib/machine_move
[35.813s] copying machine_move/stop.py -> /home/ubuntu/script test/build/machine_move/build/lib/machine_move
[35.814s] copying machine_move/__init__.py -> /home/ubuntu/script test/build/machine_move/build/lib/machine_move
[35.821s] running install
[35.877s] running install_lib
[36.163s] running install_data
[36.178s] copying resource/machine_move -> /home/ubuntu/script test/install/machine_move/share/ament_index/resource_index/packages
[36.179s] copying package.xml -> /home/ubuntu/script test/install/machine_move/share/machine_move
[36.179s] running install_egg_info
[36.726s] removing '/home/ubuntu/script test/install/machine_move/lib/python3.10/site-packages/machine_move-0.0.0-py3.10.egg-info' (and everything under it)
[36.727s] Copying ../../build/machine_move/machine_move.egg-info to /home/ubuntu/script test/install/machine_move/lib/python3.10/site-packages/machine_move-0.0.0-py3.10.egg-info
[36.732s] running install_scripts
[39.022s] Installing move script to /home/ubuntu/script test/install/machine_move/lib/machine_move
[39.030s] Installing stop script to /home/ubuntu/script test/install/machine_move/lib/machine_move
[39.033s] writing list of installed files to '/home/ubuntu/script test/build/machine_move/install.log'
[39.516s] Invoked command in '/home/ubuntu/script test/src/machine_move' returned '0': PYTHONPATH=/home/ubuntu/script test/build/machine_move/prefix_override:/home/ubuntu/script test/install/machine_move/lib/python3.10/site-packages:${PYTHONPATH} /usr/bin/python3 -W ignore:setup.py install is deprecated setup.py egg_info --egg-base ../../build/machine_move build --build-base /home/ubuntu/script test/build/machine_move/build install --record /home/ubuntu/script test/build/machine_move/install.log --single-version-externally-managed install_data
