[11.527s] Invoking command in '/home/ubuntu/script test/src/machine_move': PYTHONPATH=/home/ubuntu/script test/build/machine_move/prefix_override:/home/ubuntu/script test/install/machine_move/lib/python3.10/site-packages:${PYTHONPATH} /usr/bin/python3 -W ignore:setup.py install is deprecated setup.py egg_info --egg-base ../../build/machine_move build --build-base /home/ubuntu/script test/build/machine_move/build install --record /home/ubuntu/script test/build/machine_move/install.log --single-version-externally-managed install_data
[12.599s] running egg_info
[12.645s] writing ../../build/machine_move/machine_move.egg-info/PKG-INFO
[12.647s] writing dependency_links to ../../build/machine_move/machine_move.egg-info/dependency_links.txt
[12.647s] writing entry points to ../../build/machine_move/machine_move.egg-info/entry_points.txt
[12.647s] writing requirements to ../../build/machine_move/machine_move.egg-info/requires.txt
[12.648s] writing top-level names to ../../build/machine_move/machine_move.egg-info/top_level.txt
[12.742s] reading manifest file '../../build/machine_move/machine_move.egg-info/SOURCES.txt'
[12.745s] writing manifest file '../../build/machine_move/machine_move.egg-info/SOURCES.txt'
[12.745s] running build
[12.745s] running build_py
[12.746s] copying machine_move/move.py -> /home/ubuntu/script test/build/machine_move/build/lib/machine_move
[12.748s] copying machine_move/stop.py -> /home/ubuntu/script test/build/machine_move/build/lib/machine_move
[12.749s] copying machine_move/__init__.py -> /home/ubuntu/script test/build/machine_move/build/lib/machine_move
[12.749s] running install
[12.762s] running install_lib
[12.814s] running install_data
[12.814s] copying resource/machine_move -> /home/ubuntu/script test/install/machine_move/share/ament_index/resource_index/packages
[12.815s] copying package.xml -> /home/ubuntu/script test/install/machine_move/share/machine_move
[12.815s] running install_egg_info
[12.870s] removing '/home/ubuntu/script test/install/machine_move/lib/python3.10/site-packages/machine_move-0.0.0-py3.10.egg-info' (and everything under it)
[12.872s] Copying ../../build/machine_move/machine_move.egg-info to /home/ubuntu/script test/install/machine_move/lib/python3.10/site-packages/machine_move-0.0.0-py3.10.egg-info
[12.877s] running install_scripts
[13.285s] Installing move script to /home/ubuntu/script test/install/machine_move/lib/machine_move
[13.285s] Installing stop script to /home/ubuntu/script test/install/machine_move/lib/machine_move
[13.285s] writing list of installed files to '/home/ubuntu/script test/build/machine_move/install.log'
[13.434s] Invoked command in '/home/ubuntu/script test/src/machine_move' returned '0': PYTHONPATH=/home/ubuntu/script test/build/machine_move/prefix_override:/home/ubuntu/script test/install/machine_move/lib/python3.10/site-packages:${PYTHONPATH} /usr/bin/python3 -W ignore:setup.py install is deprecated setup.py egg_info --egg-base ../../build/machine_move build --build-base /home/ubuntu/script test/build/machine_move/build install --record /home/ubuntu/script test/build/machine_move/install.log --single-version-externally-managed install_data
