[19.502s] [34mcolcon[0m [1;30mDEBUG[0m [32mCommand line arguments: ['/home/ubuntu/.local/bin/colcon', 'build'][0m
[19.525s] [34mcolcon[0m [1;30mDEBUG[0m [32mParsed command line arguments: Namespace(log_base=None, log_level=None, verb_name='build', build_base='build', install_base='install', merge_install=False, symlink_install=False, test_result_base=None, continue_on_error=False, executor='parallel', parallel_workers=6, event_handlers=None, ignore_user_meta=False, metas=['./colcon.meta'], base_paths=['.'], packages_ignore=None, packages_ignore_regex=None, paths=None, packages_up_to=None, packages_up_to_regex=None, packages_above=None, packages_above_and_dependencies=None, packages_above_depth=None, packages_select_by_dep=None, packages_skip_by_dep=None, packages_skip_up_to=None, packages_select_build_failed=False, packages_skip_build_finished=False, packages_select_test_failures=False, packages_skip_test_passed=False, packages_select=None, packages_skip=None, packages_select_regex=None, packages_skip_regex=None, packages_start=None, packages_end=None, allow_overriding=[], cmake_args=None, cmake_target=None, cmake_target_skip_unavailable=False, cmake_clean_cache=False, cmake_clean_first=False, cmake_force_configure=False, ament_cmake_args=None, catkin_cmake_args=None, catkin_skip_building_tests=False, verb_parser=<colcon_defaults.argument_parser.defaults.DefaultArgumentsDecorator object at 0xffff891dae00>, verb_extension=<colcon_core.verb.build.BuildVerb object at 0xffff89118430>, main=<bound method BuildVerb.main of <colcon_core.verb.build.BuildVerb object at 0xffff89118430>>)[0m
[20.852s] [34mcolcon.colcon_core.package_discovery[0m [1;30mLevel 1[0m discover_packages(colcon_meta) check parameters
[20.853s] [34mcolcon.colcon_core.package_discovery[0m [1;30mLevel 1[0m discover_packages(recursive) check parameters
[20.853s] [34mcolcon.colcon_core.package_discovery[0m [1;30mLevel 1[0m discover_packages(ignore) check parameters
[20.853s] [34mcolcon.colcon_core.package_discovery[0m [1;30mLevel 1[0m discover_packages(path) check parameters
[20.853s] [34mcolcon.colcon_core.package_discovery[0m [1;30mLevel 1[0m discover_packages(colcon_meta) discover
[20.854s] [34mcolcon.colcon_core.package_discovery[0m [1;30mLevel 1[0m discover_packages(recursive) discover
[20.857s] [34mcolcon.colcon_core.package_discovery[0m [1;30mINFO[0m Crawling recursively for packages in '/home/ubuntu/script test'
[20.857s] [34mcolcon.colcon_core.package_identification[0m [1;30mLevel 1[0m _identify(.) by extensions ['ignore', 'ignore_ament_install']
[20.858s] [34mcolcon.colcon_core.package_identification[0m [1;30mLevel 1[0m _identify(.) by extension 'ignore'
[20.859s] [34mcolcon.colcon_core.package_identification[0m [1;30mLevel 1[0m _identify(.) by extension 'ignore_ament_install'
[20.859s] [34mcolcon.colcon_core.package_identification[0m [1;30mLevel 1[0m _identify(.) by extensions ['colcon_pkg']
[20.859s] [34mcolcon.colcon_core.package_identification[0m [1;30mLevel 1[0m _identify(.) by extension 'colcon_pkg'
[20.859s] [34mcolcon.colcon_core.package_identification[0m [1;30mLevel 1[0m _identify(.) by extensions ['colcon_meta']
[20.860s] [34mcolcon.colcon_core.package_identification[0m [1;30mLevel 1[0m _identify(.) by extension 'colcon_meta'
[20.860s] [34mcolcon.colcon_core.package_identification[0m [1;30mLevel 1[0m _identify(.) by extensions ['ros']
[20.860s] [34mcolcon.colcon_core.package_identification[0m [1;30mLevel 1[0m _identify(.) by extension 'ros'
[20.991s] [34mcolcon.colcon_core.package_identification[0m [1;30mLevel 1[0m _identify(.) by extensions ['cmake', 'python']
[20.991s] [34mcolcon.colcon_core.package_identification[0m [1;30mLevel 1[0m _identify(.) by extension 'cmake'
[20.992s] [34mcolcon.colcon_core.package_identification[0m [1;30mLevel 1[0m _identify(.) by extension 'python'
[20.992s] [34mcolcon.colcon_core.package_identification[0m [1;30mLevel 1[0m _identify(.) by extensions ['python_setup_py']
[20.995s] [34mcolcon.colcon_core.package_identification[0m [1;30mLevel 1[0m _identify(.) by extension 'python_setup_py'
[20.996s] [34mcolcon.colcon_core.package_identification[0m [1;30mLevel 1[0m _identify(build) by extensions ['ignore', 'ignore_ament_install']
[21.001s] [34mcolcon.colcon_core.package_identification[0m [1;30mLevel 1[0m _identify(build) by extension 'ignore'
[21.002s] [34mcolcon.colcon_core.package_identification[0m [1;30mLevel 1[0m _identify(build) ignored
[21.002s] [34mcolcon.colcon_core.package_identification[0m [1;30mLevel 1[0m _identify(install) by extensions ['ignore', 'ignore_ament_install']
[21.004s] [34mcolcon.colcon_core.package_identification[0m [1;30mLevel 1[0m _identify(install) by extension 'ignore'
[21.004s] [34mcolcon.colcon_core.package_identification[0m [1;30mLevel 1[0m _identify(install) ignored
[21.005s] [34mcolcon.colcon_core.package_identification[0m [1;30mLevel 1[0m _identify(log) by extensions ['ignore', 'ignore_ament_install']
[21.005s] [34mcolcon.colcon_core.package_identification[0m [1;30mLevel 1[0m _identify(log) by extension 'ignore'
[21.005s] [34mcolcon.colcon_core.package_identification[0m [1;30mLevel 1[0m _identify(log) ignored
[21.006s] [34mcolcon.colcon_core.package_identification[0m [1;30mLevel 1[0m _identify(src) by extensions ['ignore', 'ignore_ament_install']
[21.006s] [34mcolcon.colcon_core.package_identification[0m [1;30mLevel 1[0m _identify(src) by extension 'ignore'
[21.007s] [34mcolcon.colcon_core.package_identification[0m [1;30mLevel 1[0m _identify(src) by extension 'ignore_ament_install'
[21.008s] [34mcolcon.colcon_core.package_identification[0m [1;30mLevel 1[0m _identify(src) by extensions ['colcon_pkg']
[21.008s] [34mcolcon.colcon_core.package_identification[0m [1;30mLevel 1[0m _identify(src) by extension 'colcon_pkg'
[21.009s] [34mcolcon.colcon_core.package_identification[0m [1;30mLevel 1[0m _identify(src) by extensions ['colcon_meta']
[21.009s] [34mcolcon.colcon_core.package_identification[0m [1;30mLevel 1[0m _identify(src) by extension 'colcon_meta'
[21.009s] [34mcolcon.colcon_core.package_identification[0m [1;30mLevel 1[0m _identify(src) by extensions ['ros']
[21.009s] [34mcolcon.colcon_core.package_identification[0m [1;30mLevel 1[0m _identify(src) by extension 'ros'
[21.010s] [34mcolcon.colcon_core.package_identification[0m [1;30mLevel 1[0m _identify(src) by extensions ['cmake', 'python']
[21.010s] [34mcolcon.colcon_core.package_identification[0m [1;30mLevel 1[0m _identify(src) by extension 'cmake'
[21.010s] [34mcolcon.colcon_core.package_identification[0m [1;30mLevel 1[0m _identify(src) by extension 'python'
[21.010s] [34mcolcon.colcon_core.package_identification[0m [1;30mLevel 1[0m _identify(src) by extensions ['python_setup_py']
[21.010s] [34mcolcon.colcon_core.package_identification[0m [1;30mLevel 1[0m _identify(src) by extension 'python_setup_py'
[21.013s] [34mcolcon.colcon_core.package_identification[0m [1;30mLevel 1[0m _identify(src/capture_topic) by extensions ['ignore', 'ignore_ament_install']
[21.013s] [34mcolcon.colcon_core.package_identification[0m [1;30mLevel 1[0m _identify(src/capture_topic) by extension 'ignore'
[21.014s] [34mcolcon.colcon_core.package_identification[0m [1;30mLevel 1[0m _identify(src/capture_topic) by extension 'ignore_ament_install'
[21.014s] [34mcolcon.colcon_core.package_identification[0m [1;30mLevel 1[0m _identify(src/capture_topic) by extensions ['colcon_pkg']
[21.014s] [34mcolcon.colcon_core.package_identification[0m [1;30mLevel 1[0m _identify(src/capture_topic) by extension 'colcon_pkg'
[21.015s] [34mcolcon.colcon_core.package_identification[0m [1;30mLevel 1[0m _identify(src/capture_topic) by extensions ['colcon_meta']
[21.015s] [34mcolcon.colcon_core.package_identification[0m [1;30mLevel 1[0m _identify(src/capture_topic) by extension 'colcon_meta'
[21.015s] [34mcolcon.colcon_core.package_identification[0m [1;30mLevel 1[0m _identify(src/capture_topic) by extensions ['ros']
[21.015s] [34mcolcon.colcon_core.package_identification[0m [1;30mLevel 1[0m _identify(src/capture_topic) by extension 'ros'
[21.136s] [34mcolcon.colcon_core.package_identification[0m [1;30mDEBUG[0m [32mPackage 'src/capture_topic' with type 'ros.ament_python' and name 'capture_topic'[0m
[21.151s] [34mcolcon.colcon_core.package_identification[0m [1;30mLevel 1[0m _identify(src/machine_move) by extensions ['ignore', 'ignore_ament_install']
[21.156s] [34mcolcon.colcon_core.package_identification[0m [1;30mLevel 1[0m _identify(src/machine_move) by extension 'ignore'
[21.168s] [34mcolcon.colcon_core.package_identification[0m [1;30mLevel 1[0m _identify(src/machine_move) by extension 'ignore_ament_install'
[21.169s] [34mcolcon.colcon_core.package_identification[0m [1;30mLevel 1[0m _identify(src/machine_move) by extensions ['colcon_pkg']
[21.172s] [34mcolcon.colcon_core.package_identification[0m [1;30mLevel 1[0m _identify(src/machine_move) by extension 'colcon_pkg'
[21.186s] [34mcolcon.colcon_core.package_identification[0m [1;30mLevel 1[0m _identify(src/machine_move) by extensions ['colcon_meta']
[21.188s] [34mcolcon.colcon_core.package_identification[0m [1;30mLevel 1[0m _identify(src/machine_move) by extension 'colcon_meta'
[21.190s] [34mcolcon.colcon_core.package_identification[0m [1;30mLevel 1[0m _identify(src/machine_move) by extensions ['ros']
[21.217s] [34mcolcon.colcon_core.package_identification[0m [1;30mLevel 1[0m _identify(src/machine_move) by extension 'ros'
[21.317s] [34mcolcon.colcon_core.package_identification[0m [1;30mDEBUG[0m [32mPackage 'src/machine_move' with type 'ros.ament_python' and name 'machine_move'[0m
[21.318s] [34mcolcon.colcon_core.package_identification[0m [1;30mLevel 1[0m _identify(src/msc) by extensions ['ignore', 'ignore_ament_install']
[21.319s] [34mcolcon.colcon_core.package_identification[0m [1;30mLevel 1[0m _identify(src/msc) by extension 'ignore'
[21.319s] [34mcolcon.colcon_core.package_identification[0m [1;30mLevel 1[0m _identify(src/msc) by extension 'ignore_ament_install'
[21.319s] [34mcolcon.colcon_core.package_identification[0m [1;30mLevel 1[0m _identify(src/msc) by extensions ['colcon_pkg']
[21.319s] [34mcolcon.colcon_core.package_identification[0m [1;30mLevel 1[0m _identify(src/msc) by extension 'colcon_pkg'
[21.319s] [34mcolcon.colcon_core.package_identification[0m [1;30mLevel 1[0m _identify(src/msc) by extensions ['colcon_meta']
[21.319s] [34mcolcon.colcon_core.package_identification[0m [1;30mLevel 1[0m _identify(src/msc) by extension 'colcon_meta'
[21.319s] [34mcolcon.colcon_core.package_identification[0m [1;30mLevel 1[0m _identify(src/msc) by extensions ['ros']
[21.320s] [34mcolcon.colcon_core.package_identification[0m [1;30mLevel 1[0m _identify(src/msc) by extension 'ros'
[21.320s] [34mcolcon.colcon_core.package_identification[0m [1;30mLevel 1[0m _identify(src/msc) by extensions ['cmake', 'python']
[21.320s] [34mcolcon.colcon_core.package_identification[0m [1;30mLevel 1[0m _identify(src/msc) by extension 'cmake'
[21.320s] [34mcolcon.colcon_core.package_identification[0m [1;30mLevel 1[0m _identify(src/msc) by extension 'python'
[21.320s] [34mcolcon.colcon_core.package_identification[0m [1;30mLevel 1[0m _identify(src/msc) by extensions ['python_setup_py']
[21.320s] [34mcolcon.colcon_core.package_identification[0m [1;30mLevel 1[0m _identify(src/msc) by extension 'python_setup_py'
[21.321s] [34mcolcon.colcon_core.package_identification[0m [1;30mLevel 1[0m _identify(src/msc/14568787b9f27199e9ec950aa0af565e) by extensions ['ignore', 'ignore_ament_install']
[21.322s] [34mcolcon.colcon_core.package_identification[0m [1;30mLevel 1[0m _identify(src/msc/14568787b9f27199e9ec950aa0af565e) by extension 'ignore'
[21.322s] [34mcolcon.colcon_core.package_identification[0m [1;30mLevel 1[0m _identify(src/msc/14568787b9f27199e9ec950aa0af565e) by extension 'ignore_ament_install'
[21.322s] [34mcolcon.colcon_core.package_identification[0m [1;30mLevel 1[0m _identify(src/msc/14568787b9f27199e9ec950aa0af565e) by extensions ['colcon_pkg']
[21.322s] [34mcolcon.colcon_core.package_identification[0m [1;30mLevel 1[0m _identify(src/msc/14568787b9f27199e9ec950aa0af565e) by extension 'colcon_pkg'
[21.322s] [34mcolcon.colcon_core.package_identification[0m [1;30mLevel 1[0m _identify(src/msc/14568787b9f27199e9ec950aa0af565e) by extensions ['colcon_meta']
[21.323s] [34mcolcon.colcon_core.package_identification[0m [1;30mLevel 1[0m _identify(src/msc/14568787b9f27199e9ec950aa0af565e) by extension 'colcon_meta'
[21.323s] [34mcolcon.colcon_core.package_identification[0m [1;30mLevel 1[0m _identify(src/msc/14568787b9f27199e9ec950aa0af565e) by extensions ['ros']
[21.323s] [34mcolcon.colcon_core.package_identification[0m [1;30mLevel 1[0m _identify(src/msc/14568787b9f27199e9ec950aa0af565e) by extension 'ros'
[21.323s] [34mcolcon.colcon_core.package_identification[0m [1;30mLevel 1[0m _identify(src/msc/14568787b9f27199e9ec950aa0af565e) by extensions ['cmake', 'python']
[21.323s] [34mcolcon.colcon_core.package_identification[0m [1;30mLevel 1[0m _identify(src/msc/14568787b9f27199e9ec950aa0af565e) by extension 'cmake'
[21.323s] [34mcolcon.colcon_core.package_identification[0m [1;30mLevel 1[0m _identify(src/msc/14568787b9f27199e9ec950aa0af565e) by extension 'python'
[21.323s] [34mcolcon.colcon_core.package_identification[0m [1;30mLevel 1[0m _identify(src/msc/14568787b9f27199e9ec950aa0af565e) by extensions ['python_setup_py']
[21.323s] [34mcolcon.colcon_core.package_identification[0m [1;30mLevel 1[0m _identify(src/msc/14568787b9f27199e9ec950aa0af565e) by extension 'python_setup_py'
[21.324s] [34mcolcon.colcon_core.package_discovery[0m [1;30mLevel 1[0m discover_packages(recursive) using defaults
[21.324s] [34mcolcon.colcon_core.package_discovery[0m [1;30mLevel 1[0m discover_packages(ignore) discover
[21.324s] [34mcolcon.colcon_core.package_discovery[0m [1;30mLevel 1[0m discover_packages(ignore) using defaults
[21.324s] [34mcolcon.colcon_core.package_discovery[0m [1;30mLevel 1[0m discover_packages(path) discover
[21.324s] [34mcolcon.colcon_core.package_discovery[0m [1;30mLevel 1[0m discover_packages(path) using defaults
[21.531s] [34mcolcon.colcon_core.package_discovery[0m [1;30mLevel 1[0m discover_packages(prefix_path) check parameters
[21.532s] [34mcolcon.colcon_core.package_discovery[0m [1;30mLevel 1[0m discover_packages(prefix_path) discover
[21.760s] [34mcolcon.colcon_installed_package_information.package_discovery[0m [1;30mDEBUG[0m [32mFound 14 installed packages in /home/ubuntu/third_party_ros2/rtabmap_ws/install[0m
[21.774s] [34mcolcon.colcon_installed_package_information.package_discovery[0m [1;30mDEBUG[0m [32mFound 3 installed packages in /home/ubuntu/third_party_ros2/orbbec_ws/install[0m
[21.817s] [34mcolcon.colcon_installed_package_information.package_discovery[0m [1;30mDEBUG[0m [32mFound 15 installed packages in /home/ubuntu/third_party_ros2/third_party_ws/install[0m
[21.828s] [34mcolcon.colcon_installed_package_information.package_discovery[0m [1;30mDEBUG[0m [32mFound 19 installed packages in /home/ubuntu/ros2_ws/install[0m
[21.836s] [34mcolcon.colcon_installed_package_information.package_discovery[0m [1;30mDEBUG[0m [32mFound 357 installed packages in /opt/ros/humble[0m
[21.847s] [34mcolcon.colcon_core.package_discovery[0m [1;30mLevel 1[0m discover_packages(prefix_path) using defaults
[23.060s] [34mcolcon.colcon_core.verb[0m [1;30mLevel 5[0m set package 'capture_topic' build argument 'cmake_args' from command line to 'None'
[23.060s] [34mcolcon.colcon_core.verb[0m [1;30mLevel 5[0m set package 'capture_topic' build argument 'cmake_target' from command line to 'None'
[23.061s] [34mcolcon.colcon_core.verb[0m [1;30mLevel 5[0m set package 'capture_topic' build argument 'cmake_target_skip_unavailable' from command line to 'False'
[23.061s] [34mcolcon.colcon_core.verb[0m [1;30mLevel 5[0m set package 'capture_topic' build argument 'cmake_clean_cache' from command line to 'False'
[23.061s] [34mcolcon.colcon_core.verb[0m [1;30mLevel 5[0m set package 'capture_topic' build argument 'cmake_clean_first' from command line to 'False'
[23.061s] [34mcolcon.colcon_core.verb[0m [1;30mLevel 5[0m set package 'capture_topic' build argument 'cmake_force_configure' from command line to 'False'
[23.061s] [34mcolcon.colcon_core.verb[0m [1;30mLevel 5[0m set package 'capture_topic' build argument 'ament_cmake_args' from command line to 'None'
[23.061s] [34mcolcon.colcon_core.verb[0m [1;30mLevel 5[0m set package 'capture_topic' build argument 'catkin_cmake_args' from command line to 'None'
[23.061s] [34mcolcon.colcon_core.verb[0m [1;30mLevel 5[0m set package 'capture_topic' build argument 'catkin_skip_building_tests' from command line to 'False'
[23.061s] [34mcolcon.colcon_core.verb[0m [1;30mDEBUG[0m [32mBuilding package 'capture_topic' with the following arguments: {'ament_cmake_args': None, 'build_base': '/home/ubuntu/script test/build/capture_topic', 'catkin_cmake_args': None, 'catkin_skip_building_tests': False, 'cmake_args': None, 'cmake_clean_cache': False, 'cmake_clean_first': False, 'cmake_force_configure': False, 'cmake_target': None, 'cmake_target_skip_unavailable': False, 'install_base': '/home/ubuntu/script test/install/capture_topic', 'merge_install': False, 'path': '/home/ubuntu/script test/src/capture_topic', 'symlink_install': False, 'test_result_base': None}[0m
[23.062s] [34mcolcon.colcon_core.verb[0m [1;30mLevel 5[0m set package 'machine_move' build argument 'cmake_args' from command line to 'None'
[23.063s] [34mcolcon.colcon_core.verb[0m [1;30mLevel 5[0m set package 'machine_move' build argument 'cmake_target' from command line to 'None'
[23.063s] [34mcolcon.colcon_core.verb[0m [1;30mLevel 5[0m set package 'machine_move' build argument 'cmake_target_skip_unavailable' from command line to 'False'
[23.065s] [34mcolcon.colcon_core.verb[0m [1;30mLevel 5[0m set package 'machine_move' build argument 'cmake_clean_cache' from command line to 'False'
[23.065s] [34mcolcon.colcon_core.verb[0m [1;30mLevel 5[0m set package 'machine_move' build argument 'cmake_clean_first' from command line to 'False'
[23.065s] [34mcolcon.colcon_core.verb[0m [1;30mLevel 5[0m set package 'machine_move' build argument 'cmake_force_configure' from command line to 'False'
[23.066s] [34mcolcon.colcon_core.verb[0m [1;30mLevel 5[0m set package 'machine_move' build argument 'ament_cmake_args' from command line to 'None'
[23.066s] [34mcolcon.colcon_core.verb[0m [1;30mLevel 5[0m set package 'machine_move' build argument 'catkin_cmake_args' from command line to 'None'
[23.066s] [34mcolcon.colcon_core.verb[0m [1;30mLevel 5[0m set package 'machine_move' build argument 'catkin_skip_building_tests' from command line to 'False'
[23.066s] [34mcolcon.colcon_core.verb[0m [1;30mDEBUG[0m [32mBuilding package 'machine_move' with the following arguments: {'ament_cmake_args': None, 'build_base': '/home/ubuntu/script test/build/machine_move', 'catkin_cmake_args': None, 'catkin_skip_building_tests': False, 'cmake_args': None, 'cmake_clean_cache': False, 'cmake_clean_first': False, 'cmake_force_configure': False, 'cmake_target': None, 'cmake_target_skip_unavailable': False, 'install_base': '/home/ubuntu/script test/install/machine_move', 'merge_install': False, 'path': '/home/ubuntu/script test/src/machine_move', 'symlink_install': False, 'test_result_base': None}[0m
[23.067s] [34mcolcon.colcon_core.executor[0m [1;30mINFO[0m Executing jobs using 'parallel' executor
[23.073s] [34mcolcon.colcon_parallel_executor.executor.parallel[0m [1;30mDEBUG[0m [32mrun_until_complete[0m
[23.074s] [34mcolcon.colcon_ros.task.ament_python.build[0m [1;30mINFO[0m Building ROS package in '/home/ubuntu/script test/src/capture_topic' with build type 'ament_python'
[23.074s] [34mcolcon.colcon_core.shell[0m [1;30mLevel 1[0m create_environment_hook('capture_topic', 'ament_prefix_path')
[23.104s] [34mcolcon.colcon_core.plugin_system[0m [1;30mINFO[0m Skipping extension 'colcon_core.shell.bat': Not used on non-Windows systems
[23.105s] [34mcolcon.colcon_core.shell[0m [1;30mINFO[0m Creating environment hook '/home/ubuntu/script test/install/capture_topic/share/capture_topic/hook/ament_prefix_path.ps1'
[23.149s] [34mcolcon.colcon_core.shell[0m [1;30mINFO[0m Creating environment descriptor '/home/ubuntu/script test/install/capture_topic/share/capture_topic/hook/ament_prefix_path.dsv'
[23.163s] [34mcolcon.colcon_core.shell[0m [1;30mINFO[0m Creating environment hook '/home/ubuntu/script test/install/capture_topic/share/capture_topic/hook/ament_prefix_path.sh'
[23.188s] [34mcolcon.colcon_core.shell[0m [1;30mINFO[0m Skip shell extension 'powershell' for command environment: Not usable outside of PowerShell
[23.193s] [34mcolcon.colcon_core.shell[0m [1;30mDEBUG[0m [32mSkip shell extension 'dsv' for command environment[0m
[23.252s] [34mcolcon.colcon_ros.task.ament_python.build[0m [1;30mINFO[0m Building ROS package in '/home/ubuntu/script test/src/machine_move' with build type 'ament_python'
[23.262s] [34mcolcon.colcon_core.shell[0m [1;30mLevel 1[0m create_environment_hook('machine_move', 'ament_prefix_path')
[23.267s] [34mcolcon.colcon_core.shell[0m [1;30mINFO[0m Creating environment hook '/home/ubuntu/script test/install/machine_move/share/machine_move/hook/ament_prefix_path.ps1'
[23.301s] [34mcolcon.colcon_core.shell[0m [1;30mINFO[0m Creating environment descriptor '/home/ubuntu/script test/install/machine_move/share/machine_move/hook/ament_prefix_path.dsv'
[23.310s] [34mcolcon.colcon_core.shell[0m [1;30mINFO[0m Creating environment hook '/home/ubuntu/script test/install/machine_move/share/machine_move/hook/ament_prefix_path.sh'
[23.347s] [34mcolcon.colcon_core.shell[0m [1;30mINFO[0m Skip shell extension 'powershell' for command environment: Not usable outside of PowerShell
[23.350s] [34mcolcon.colcon_core.shell[0m [1;30mDEBUG[0m [32mSkip shell extension 'dsv' for command environment[0m
[34.238s] [34mcolcon.colcon_core.task.python.build[0m [1;30mINFO[0m Building Python package in '/home/ubuntu/script test/src/capture_topic'
[34.239s] [34mcolcon.colcon_core.shell[0m [1;30mINFO[0m Skip shell extension 'powershell' for command environment: Not usable outside of PowerShell
[34.239s] [34mcolcon.colcon_core.shell[0m [1;30mDEBUG[0m [32mSkip shell extension 'dsv' for command environment[0m
[39.385s] [34mcolcon.colcon_core.task.python.build[0m [1;30mINFO[0m Building Python package in '/home/ubuntu/script test/src/machine_move'
[39.386s] [34mcolcon.colcon_core.shell[0m [1;30mINFO[0m Skip shell extension 'powershell' for command environment: Not usable outside of PowerShell
[39.387s] [34mcolcon.colcon_core.shell[0m [1;30mDEBUG[0m [32mSkip shell extension 'dsv' for command environment[0m
[50.301s] [34mcolcon.colcon_core.event_handler.log_command[0m [1;30mDEBUG[0m [32mInvoking command in '/home/ubuntu/script test/src/machine_move': PYTHONPATH=/home/ubuntu/script test/build/machine_move/prefix_override:/home/ubuntu/script test/install/machine_move/lib/python3.10/site-packages:${PYTHONPATH} /usr/bin/python3 -W ignore:setup.py install is deprecated setup.py egg_info --egg-base ../../build/machine_move build --build-base /home/ubuntu/script test/build/machine_move/build install --record /home/ubuntu/script test/build/machine_move/install.log --single-version-externally-managed install_data[0m
[52.423s] [34mcolcon.colcon_core.event_handler.log_command[0m [1;30mDEBUG[0m [32mInvoking command in '/home/ubuntu/script test/src/capture_topic': PYTHONPATH=/home/ubuntu/script test/build/capture_topic/prefix_override:/home/ubuntu/script test/install/capture_topic/lib/python3.10/site-packages:${PYTHONPATH} /usr/bin/python3 -W ignore:setup.py install is deprecated setup.py egg_info --egg-base ../../build/capture_topic build --build-base /home/ubuntu/script test/build/capture_topic/build install --record /home/ubuntu/script test/build/capture_topic/install.log --single-version-externally-managed install_data[0m
[59.516s] [34mcolcon.colcon_core.event_handler.log_command[0m [1;30mDEBUG[0m [32mInvoked command in '/home/ubuntu/script test/src/capture_topic' returned '0': PYTHONPATH=/home/ubuntu/script test/build/capture_topic/prefix_override:/home/ubuntu/script test/install/capture_topic/lib/python3.10/site-packages:${PYTHONPATH} /usr/bin/python3 -W ignore:setup.py install is deprecated setup.py egg_info --egg-base ../../build/capture_topic build --build-base /home/ubuntu/script test/build/capture_topic/build install --record /home/ubuntu/script test/build/capture_topic/install.log --single-version-externally-managed install_data[0m
[59.555s] [34mcolcon.colcon_core.environment[0m [1;30mLevel 1[0m checking '/home/ubuntu/script test/install/capture_topic' for CMake module files
[59.556s] [34mcolcon.colcon_core.environment[0m [1;30mLevel 1[0m checking '/home/ubuntu/script test/install/capture_topic' for CMake config files
[59.558s] [34mcolcon.colcon_core.environment[0m [1;30mLevel 1[0m checking '/home/ubuntu/script test/install/capture_topic/lib'
[59.558s] [34mcolcon.colcon_core.environment[0m [1;30mLevel 1[0m checking '/home/ubuntu/script test/install/capture_topic/bin'
[59.564s] [34mcolcon.colcon_core.environment[0m [1;30mLevel 1[0m checking '/home/ubuntu/script test/install/capture_topic/lib/pkgconfig/capture_topic.pc'
[59.565s] [34mcolcon.colcon_core.environment[0m [1;30mLevel 1[0m checking '/home/ubuntu/script test/install/capture_topic/lib/python3.10/site-packages'
[59.565s] [34mcolcon.colcon_core.shell[0m [1;30mLevel 1[0m create_environment_hook('capture_topic', 'pythonpath')
[59.566s] [34mcolcon.colcon_core.shell[0m [1;30mINFO[0m Creating environment hook '/home/ubuntu/script test/install/capture_topic/share/capture_topic/hook/pythonpath.ps1'
[59.570s] [34mcolcon.colcon_core.shell[0m [1;30mINFO[0m Creating environment descriptor '/home/ubuntu/script test/install/capture_topic/share/capture_topic/hook/pythonpath.dsv'
[59.572s] [34mcolcon.colcon_core.shell[0m [1;30mINFO[0m Creating environment hook '/home/ubuntu/script test/install/capture_topic/share/capture_topic/hook/pythonpath.sh'
[59.573s] [34mcolcon.colcon_core.environment[0m [1;30mLevel 1[0m checking '/home/ubuntu/script test/install/capture_topic/bin'
[59.573s] [34mcolcon.colcon_core.environment[0m [1;30mLevel 1[0m create_environment_scripts_only(capture_topic)
[59.575s] [34mcolcon.colcon_core.shell[0m [1;30mINFO[0m Creating package script '/home/ubuntu/script test/install/capture_topic/share/capture_topic/package.ps1'
[59.580s] [34mcolcon.colcon_core.shell[0m [1;30mINFO[0m Creating package descriptor '/home/ubuntu/script test/install/capture_topic/share/capture_topic/package.dsv'
[59.583s] [34mcolcon.colcon_core.shell[0m [1;30mINFO[0m Creating package script '/home/ubuntu/script test/install/capture_topic/share/capture_topic/package.sh'
[59.592s] [34mcolcon.colcon_core.shell[0m [1;30mINFO[0m Creating package script '/home/ubuntu/script test/install/capture_topic/share/capture_topic/package.bash'
[59.606s] [34mcolcon.colcon_core.shell[0m [1;30mINFO[0m Creating package script '/home/ubuntu/script test/install/capture_topic/share/capture_topic/package.zsh'
[59.612s] [34mcolcon.colcon_core.environment[0m [1;30mLevel 1[0m create_file_with_runtime_dependencies(/home/ubuntu/script test/install/capture_topic/share/colcon-core/packages/capture_topic)
[59.726s] [34mcolcon.colcon_core.environment[0m [1;30mLevel 1[0m checking '/home/ubuntu/script test/install/machine_move' for CMake module files
[59.730s] [34mcolcon.colcon_core.event_handler.log_command[0m [1;30mDEBUG[0m [32mInvoked command in '/home/ubuntu/script test/src/machine_move' returned '0': PYTHONPATH=/home/ubuntu/script test/build/machine_move/prefix_override:/home/ubuntu/script test/install/machine_move/lib/python3.10/site-packages:${PYTHONPATH} /usr/bin/python3 -W ignore:setup.py install is deprecated setup.py egg_info --egg-base ../../build/machine_move build --build-base /home/ubuntu/script test/build/machine_move/build install --record /home/ubuntu/script test/build/machine_move/install.log --single-version-externally-managed install_data[0m
[59.731s] [34mcolcon.colcon_core.environment[0m [1;30mLevel 1[0m checking '/home/ubuntu/script test/install/machine_move' for CMake config files
[59.736s] [34mcolcon.colcon_core.environment[0m [1;30mLevel 1[0m checking '/home/ubuntu/script test/install/machine_move/lib'
[59.736s] [34mcolcon.colcon_core.environment[0m [1;30mLevel 1[0m checking '/home/ubuntu/script test/install/machine_move/bin'
[59.737s] [34mcolcon.colcon_core.environment[0m [1;30mLevel 1[0m checking '/home/ubuntu/script test/install/machine_move/lib/pkgconfig/machine_move.pc'
[59.737s] [34mcolcon.colcon_core.environment[0m [1;30mLevel 1[0m checking '/home/ubuntu/script test/install/machine_move/lib/python3.10/site-packages'
[59.738s] [34mcolcon.colcon_core.shell[0m [1;30mLevel 1[0m create_environment_hook('machine_move', 'pythonpath')
[59.741s] [34mcolcon.colcon_core.shell[0m [1;30mINFO[0m Creating environment hook '/home/ubuntu/script test/install/machine_move/share/machine_move/hook/pythonpath.ps1'
[59.743s] [34mcolcon.colcon_core.shell[0m [1;30mINFO[0m Creating environment descriptor '/home/ubuntu/script test/install/machine_move/share/machine_move/hook/pythonpath.dsv'
[59.746s] [34mcolcon.colcon_core.shell[0m [1;30mINFO[0m Creating environment hook '/home/ubuntu/script test/install/machine_move/share/machine_move/hook/pythonpath.sh'
[59.749s] [34mcolcon.colcon_core.environment[0m [1;30mLevel 1[0m checking '/home/ubuntu/script test/install/machine_move/bin'
[59.749s] [34mcolcon.colcon_core.environment[0m [1;30mLevel 1[0m create_environment_scripts_only(machine_move)
[59.750s] [34mcolcon.colcon_core.shell[0m [1;30mINFO[0m Creating package script '/home/ubuntu/script test/install/machine_move/share/machine_move/package.ps1'
[59.753s] [34mcolcon.colcon_core.shell[0m [1;30mINFO[0m Creating package descriptor '/home/ubuntu/script test/install/machine_move/share/machine_move/package.dsv'
[59.755s] [34mcolcon.colcon_core.shell[0m [1;30mINFO[0m Creating package script '/home/ubuntu/script test/install/machine_move/share/machine_move/package.sh'
[59.757s] [34mcolcon.colcon_core.shell[0m [1;30mINFO[0m Creating package script '/home/ubuntu/script test/install/machine_move/share/machine_move/package.bash'
[59.758s] [34mcolcon.colcon_core.shell[0m [1;30mINFO[0m Creating package script '/home/ubuntu/script test/install/machine_move/share/machine_move/package.zsh'
[59.766s] [34mcolcon.colcon_core.environment[0m [1;30mLevel 1[0m create_file_with_runtime_dependencies(/home/ubuntu/script test/install/machine_move/share/colcon-core/packages/machine_move)
[59.772s] [34mcolcon.colcon_parallel_executor.executor.parallel[0m [1;30mDEBUG[0m [32mclosing loop[0m
[59.773s] [34mcolcon.colcon_parallel_executor.executor.parallel[0m [1;30mDEBUG[0m [32mloop closed[0m
[59.773s] [34mcolcon.colcon_parallel_executor.executor.parallel[0m [1;30mDEBUG[0m [32mrun_until_complete finished with '0'[0m
[59.773s] [34mcolcon.colcon_core.event_reactor[0m [1;30mDEBUG[0m [32mjoining thread[0m
[60.095s] [34mcolcon.colcon_core.plugin_system[0m [1;30mINFO[0m Skipping extension 'colcon_notification.desktop_notification.terminal_notifier': Not used on non-Darwin systems
[60.095s] [34mcolcon.colcon_core.plugin_system[0m [1;30mINFO[0m Skipping extension 'colcon_notification.desktop_notification.win32': Not used on non-Windows systems
[60.096s] [34mcolcon.colcon_notification.desktop_notification[0m [1;30mINFO[0m Sending desktop notification using 'notify2'
[60.500s] [34mcolcon.colcon_core.event_reactor[0m [1;30mDEBUG[0m [32mjoined thread[0m
[60.502s] [34mcolcon.colcon_core.shell[0m [1;30mINFO[0m Creating prefix script '/home/ubuntu/script test/install/local_setup.ps1'
[60.508s] [34mcolcon.colcon_core.shell[0m [1;30mINFO[0m Creating prefix util module '/home/ubuntu/script test/install/_local_setup_util_ps1.py'
[60.530s] [34mcolcon.colcon_core.shell[0m [1;30mINFO[0m Creating prefix chain script '/home/ubuntu/script test/install/setup.ps1'
[60.574s] [34mcolcon.colcon_core.shell[0m [1;30mINFO[0m Creating prefix script '/home/ubuntu/script test/install/local_setup.sh'
[60.579s] [34mcolcon.colcon_core.shell[0m [1;30mINFO[0m Creating prefix util module '/home/ubuntu/script test/install/_local_setup_util_sh.py'
[60.584s] [34mcolcon.colcon_core.shell[0m [1;30mINFO[0m Creating prefix chain script '/home/ubuntu/script test/install/setup.sh'
[60.626s] [34mcolcon.colcon_core.shell[0m [1;30mINFO[0m Creating prefix script '/home/ubuntu/script test/install/local_setup.bash'
[60.632s] [34mcolcon.colcon_core.shell[0m [1;30mINFO[0m Creating prefix chain script '/home/ubuntu/script test/install/setup.bash'
[60.686s] [34mcolcon.colcon_core.shell[0m [1;30mINFO[0m Creating prefix script '/home/ubuntu/script test/install/local_setup.zsh'
[60.761s] [34mcolcon.colcon_core.shell[0m [1;30mINFO[0m Creating prefix chain script '/home/ubuntu/script test/install/setup.zsh'
