[2.237s] [34mcolcon[0m [1;30mDEBUG[0m [32mCommand line arguments: ['/home/ubuntu/.local/bin/colcon', 'build'][0m
[2.238s] [34mcolcon[0m [1;30mDEBUG[0m [32mParsed command line arguments: Namespace(log_base=None, log_level=None, verb_name='build', build_base='build', install_base='install', merge_install=False, symlink_install=False, test_result_base=None, continue_on_error=False, executor='parallel', parallel_workers=6, event_handlers=None, ignore_user_meta=False, metas=['./colcon.meta'], base_paths=['.'], packages_ignore=None, packages_ignore_regex=None, paths=None, packages_up_to=None, packages_up_to_regex=None, packages_above=None, packages_above_and_dependencies=None, packages_above_depth=None, packages_select_by_dep=None, packages_skip_by_dep=None, packages_skip_up_to=None, packages_select_build_failed=False, packages_skip_build_finished=False, packages_select_test_failures=False, packages_skip_test_passed=False, packages_select=None, packages_skip=None, packages_select_regex=None, packages_skip_regex=None, packages_start=None, packages_end=None, allow_overriding=[], cmake_args=None, cmake_target=None, cmake_target_skip_unavailable=False, cmake_clean_cache=False, cmake_clean_first=False, cmake_force_configure=False, ament_cmake_args=None, catkin_cmake_args=None, catkin_skip_building_tests=False, verb_parser=<colcon_defaults.argument_parser.defaults.DefaultArgumentsDecorator object at 0xffff68742e00>, verb_extension=<colcon_core.verb.build.BuildVerb object at 0xffff68680430>, main=<bound method BuildVerb.main of <colcon_core.verb.build.BuildVerb object at 0xffff68680430>>)[0m
[2.474s] [34mcolcon.colcon_core.package_discovery[0m [1;30mLevel 1[0m discover_packages(colcon_meta) check parameters
[2.475s] [34mcolcon.colcon_core.package_discovery[0m [1;30mLevel 1[0m discover_packages(recursive) check parameters
[2.475s] [34mcolcon.colcon_core.package_discovery[0m [1;30mLevel 1[0m discover_packages(ignore) check parameters
[2.475s] [34mcolcon.colcon_core.package_discovery[0m [1;30mLevel 1[0m discover_packages(path) check parameters
[2.475s] [34mcolcon.colcon_core.package_discovery[0m [1;30mLevel 1[0m discover_packages(colcon_meta) discover
[2.475s] [34mcolcon.colcon_core.package_discovery[0m [1;30mLevel 1[0m discover_packages(recursive) discover
[2.476s] [34mcolcon.colcon_core.package_discovery[0m [1;30mINFO[0m Crawling recursively for packages in '/home/ubuntu/script test'
[2.476s] [34mcolcon.colcon_core.package_identification[0m [1;30mLevel 1[0m _identify(.) by extensions ['ignore', 'ignore_ament_install']
[2.476s] [34mcolcon.colcon_core.package_identification[0m [1;30mLevel 1[0m _identify(.) by extension 'ignore'
[2.477s] [34mcolcon.colcon_core.package_identification[0m [1;30mLevel 1[0m _identify(.) by extension 'ignore_ament_install'
[2.478s] [34mcolcon.colcon_core.package_identification[0m [1;30mLevel 1[0m _identify(.) by extensions ['colcon_pkg']
[2.478s] [34mcolcon.colcon_core.package_identification[0m [1;30mLevel 1[0m _identify(.) by extension 'colcon_pkg'
[2.478s] [34mcolcon.colcon_core.package_identification[0m [1;30mLevel 1[0m _identify(.) by extensions ['colcon_meta']
[2.478s] [34mcolcon.colcon_core.package_identification[0m [1;30mLevel 1[0m _identify(.) by extension 'colcon_meta'
[2.478s] [34mcolcon.colcon_core.package_identification[0m [1;30mLevel 1[0m _identify(.) by extensions ['ros']
[2.478s] [34mcolcon.colcon_core.package_identification[0m [1;30mLevel 1[0m _identify(.) by extension 'ros'
[2.581s] [34mcolcon.colcon_core.package_identification[0m [1;30mLevel 1[0m _identify(.) by extensions ['cmake', 'python']
[2.582s] [34mcolcon.colcon_core.package_identification[0m [1;30mLevel 1[0m _identify(.) by extension 'cmake'
[2.583s] [34mcolcon.colcon_core.package_identification[0m [1;30mLevel 1[0m _identify(.) by extension 'python'
[2.584s] [34mcolcon.colcon_core.package_identification[0m [1;30mLevel 1[0m _identify(.) by extensions ['python_setup_py']
[2.584s] [34mcolcon.colcon_core.package_identification[0m [1;30mLevel 1[0m _identify(.) by extension 'python_setup_py'
[2.585s] [34mcolcon.colcon_core.package_identification[0m [1;30mLevel 1[0m _identify(build) by extensions ['ignore', 'ignore_ament_install']
[2.586s] [34mcolcon.colcon_core.package_identification[0m [1;30mLevel 1[0m _identify(build) by extension 'ignore'
[2.586s] [34mcolcon.colcon_core.package_identification[0m [1;30mLevel 1[0m _identify(build) ignored
[2.587s] [34mcolcon.colcon_core.package_identification[0m [1;30mLevel 1[0m _identify(install) by extensions ['ignore', 'ignore_ament_install']
[2.587s] [34mcolcon.colcon_core.package_identification[0m [1;30mLevel 1[0m _identify(install) by extension 'ignore'
[2.588s] [34mcolcon.colcon_core.package_identification[0m [1;30mLevel 1[0m _identify(install) ignored
[2.589s] [34mcolcon.colcon_core.package_identification[0m [1;30mLevel 1[0m _identify(log) by extensions ['ignore', 'ignore_ament_install']
[2.591s] [34mcolcon.colcon_core.package_identification[0m [1;30mLevel 1[0m _identify(log) by extension 'ignore'
[2.591s] [34mcolcon.colcon_core.package_identification[0m [1;30mLevel 1[0m _identify(log) ignored
[2.592s] [34mcolcon.colcon_core.package_identification[0m [1;30mLevel 1[0m _identify(msc) by extensions ['ignore', 'ignore_ament_install']
[2.592s] [34mcolcon.colcon_core.package_identification[0m [1;30mLevel 1[0m _identify(msc) by extension 'ignore'
[2.595s] [34mcolcon.colcon_core.package_identification[0m [1;30mLevel 1[0m _identify(msc) by extension 'ignore_ament_install'
[2.595s] [34mcolcon.colcon_core.package_identification[0m [1;30mLevel 1[0m _identify(msc) by extensions ['colcon_pkg']
[2.596s] [34mcolcon.colcon_core.package_identification[0m [1;30mLevel 1[0m _identify(msc) by extension 'colcon_pkg'
[2.597s] [34mcolcon.colcon_core.package_identification[0m [1;30mLevel 1[0m _identify(msc) by extensions ['colcon_meta']
[2.597s] [34mcolcon.colcon_core.package_identification[0m [1;30mLevel 1[0m _identify(msc) by extension 'colcon_meta'
[2.597s] [34mcolcon.colcon_core.package_identification[0m [1;30mLevel 1[0m _identify(msc) by extensions ['ros']
[2.598s] [34mcolcon.colcon_core.package_identification[0m [1;30mLevel 1[0m _identify(msc) by extension 'ros'
[2.599s] [34mcolcon.colcon_core.package_identification[0m [1;30mLevel 1[0m _identify(msc) by extensions ['cmake', 'python']
[2.599s] [34mcolcon.colcon_core.package_identification[0m [1;30mLevel 1[0m _identify(msc) by extension 'cmake'
[2.602s] [34mcolcon.colcon_core.package_identification[0m [1;30mLevel 1[0m _identify(msc) by extension 'python'
[2.602s] [34mcolcon.colcon_core.package_identification[0m [1;30mLevel 1[0m _identify(msc) by extensions ['python_setup_py']
[2.602s] [34mcolcon.colcon_core.package_identification[0m [1;30mLevel 1[0m _identify(msc) by extension 'python_setup_py'
[2.604s] [34mcolcon.colcon_core.package_identification[0m [1;30mLevel 1[0m _identify(msc/14568787b9f27199e9ec950aa0af565e) by extensions ['ignore', 'ignore_ament_install']
[2.605s] [34mcolcon.colcon_core.package_identification[0m [1;30mLevel 1[0m _identify(msc/14568787b9f27199e9ec950aa0af565e) by extension 'ignore'
[2.605s] [34mcolcon.colcon_core.package_identification[0m [1;30mLevel 1[0m _identify(msc/14568787b9f27199e9ec950aa0af565e) by extension 'ignore_ament_install'
[2.607s] [34mcolcon.colcon_core.package_identification[0m [1;30mLevel 1[0m _identify(msc/14568787b9f27199e9ec950aa0af565e) by extensions ['colcon_pkg']
[2.607s] [34mcolcon.colcon_core.package_identification[0m [1;30mLevel 1[0m _identify(msc/14568787b9f27199e9ec950aa0af565e) by extension 'colcon_pkg'
[2.608s] [34mcolcon.colcon_core.package_identification[0m [1;30mLevel 1[0m _identify(msc/14568787b9f27199e9ec950aa0af565e) by extensions ['colcon_meta']
[2.608s] [34mcolcon.colcon_core.package_identification[0m [1;30mLevel 1[0m _identify(msc/14568787b9f27199e9ec950aa0af565e) by extension 'colcon_meta'
[2.609s] [34mcolcon.colcon_core.package_identification[0m [1;30mLevel 1[0m _identify(msc/14568787b9f27199e9ec950aa0af565e) by extensions ['ros']
[2.609s] [34mcolcon.colcon_core.package_identification[0m [1;30mLevel 1[0m _identify(msc/14568787b9f27199e9ec950aa0af565e) by extension 'ros'
[2.609s] [34mcolcon.colcon_core.package_identification[0m [1;30mLevel 1[0m _identify(msc/14568787b9f27199e9ec950aa0af565e) by extensions ['cmake', 'python']
[2.610s] [34mcolcon.colcon_core.package_identification[0m [1;30mLevel 1[0m _identify(msc/14568787b9f27199e9ec950aa0af565e) by extension 'cmake'
[2.610s] [34mcolcon.colcon_core.package_identification[0m [1;30mLevel 1[0m _identify(msc/14568787b9f27199e9ec950aa0af565e) by extension 'python'
[2.611s] [34mcolcon.colcon_core.package_identification[0m [1;30mLevel 1[0m _identify(msc/14568787b9f27199e9ec950aa0af565e) by extensions ['python_setup_py']
[2.611s] [34mcolcon.colcon_core.package_identification[0m [1;30mLevel 1[0m _identify(msc/14568787b9f27199e9ec950aa0af565e) by extension 'python_setup_py'
[2.613s] [34mcolcon.colcon_core.package_identification[0m [1;30mLevel 1[0m _identify(src) by extensions ['ignore', 'ignore_ament_install']
[2.613s] [34mcolcon.colcon_core.package_identification[0m [1;30mLevel 1[0m _identify(src) by extension 'ignore'
[2.614s] [34mcolcon.colcon_core.package_identification[0m [1;30mLevel 1[0m _identify(src) by extension 'ignore_ament_install'
[2.615s] [34mcolcon.colcon_core.package_identification[0m [1;30mLevel 1[0m _identify(src) by extensions ['colcon_pkg']
[2.615s] [34mcolcon.colcon_core.package_identification[0m [1;30mLevel 1[0m _identify(src) by extension 'colcon_pkg'
[2.616s] [34mcolcon.colcon_core.package_identification[0m [1;30mLevel 1[0m _identify(src) by extensions ['colcon_meta']
[2.617s] [34mcolcon.colcon_core.package_identification[0m [1;30mLevel 1[0m _identify(src) by extension 'colcon_meta'
[2.617s] [34mcolcon.colcon_core.package_identification[0m [1;30mLevel 1[0m _identify(src) by extensions ['ros']
[2.617s] [34mcolcon.colcon_core.package_identification[0m [1;30mLevel 1[0m _identify(src) by extension 'ros'
[2.617s] [34mcolcon.colcon_core.package_identification[0m [1;30mLevel 1[0m _identify(src) by extensions ['cmake', 'python']
[2.618s] [34mcolcon.colcon_core.package_identification[0m [1;30mLevel 1[0m _identify(src) by extension 'cmake'
[2.618s] [34mcolcon.colcon_core.package_identification[0m [1;30mLevel 1[0m _identify(src) by extension 'python'
[2.619s] [34mcolcon.colcon_core.package_identification[0m [1;30mLevel 1[0m _identify(src) by extensions ['python_setup_py']
[2.619s] [34mcolcon.colcon_core.package_identification[0m [1;30mLevel 1[0m _identify(src) by extension 'python_setup_py'
[2.621s] [34mcolcon.colcon_core.package_identification[0m [1;30mLevel 1[0m _identify(src/capture_topic) by extensions ['ignore', 'ignore_ament_install']
[2.622s] [34mcolcon.colcon_core.package_identification[0m [1;30mLevel 1[0m _identify(src/capture_topic) by extension 'ignore'
[2.623s] [34mcolcon.colcon_core.package_identification[0m [1;30mLevel 1[0m _identify(src/capture_topic) by extension 'ignore_ament_install'
[2.623s] [34mcolcon.colcon_core.package_identification[0m [1;30mLevel 1[0m _identify(src/capture_topic) by extensions ['colcon_pkg']
[2.624s] [34mcolcon.colcon_core.package_identification[0m [1;30mLevel 1[0m _identify(src/capture_topic) by extension 'colcon_pkg'
[2.624s] [34mcolcon.colcon_core.package_identification[0m [1;30mLevel 1[0m _identify(src/capture_topic) by extensions ['colcon_meta']
[2.624s] [34mcolcon.colcon_core.package_identification[0m [1;30mLevel 1[0m _identify(src/capture_topic) by extension 'colcon_meta'
[2.625s] [34mcolcon.colcon_core.package_identification[0m [1;30mLevel 1[0m _identify(src/capture_topic) by extensions ['ros']
[2.625s] [34mcolcon.colcon_core.package_identification[0m [1;30mLevel 1[0m _identify(src/capture_topic) by extension 'ros'
[2.644s] [34mcolcon.colcon_core.package_identification[0m [1;30mDEBUG[0m [32mPackage 'src/capture_topic' with type 'ros.ament_python' and name 'capture_topic'[0m
[2.645s] [34mcolcon.colcon_core.package_identification[0m [1;30mLevel 1[0m _identify(src/machine_move) by extensions ['ignore', 'ignore_ament_install']
[2.648s] [34mcolcon.colcon_core.package_identification[0m [1;30mLevel 1[0m _identify(src/machine_move) by extension 'ignore'
[2.648s] [34mcolcon.colcon_core.package_identification[0m [1;30mLevel 1[0m _identify(src/machine_move) by extension 'ignore_ament_install'
[2.649s] [34mcolcon.colcon_core.package_identification[0m [1;30mLevel 1[0m _identify(src/machine_move) by extensions ['colcon_pkg']
[2.649s] [34mcolcon.colcon_core.package_identification[0m [1;30mLevel 1[0m _identify(src/machine_move) by extension 'colcon_pkg'
[2.651s] [34mcolcon.colcon_core.package_identification[0m [1;30mLevel 1[0m _identify(src/machine_move) by extensions ['colcon_meta']
[2.651s] [34mcolcon.colcon_core.package_identification[0m [1;30mLevel 1[0m _identify(src/machine_move) by extension 'colcon_meta'
[2.651s] [34mcolcon.colcon_core.package_identification[0m [1;30mLevel 1[0m _identify(src/machine_move) by extensions ['ros']
[2.651s] [34mcolcon.colcon_core.package_identification[0m [1;30mLevel 1[0m _identify(src/machine_move) by extension 'ros'
[2.655s] [34mcolcon.colcon_core.package_identification[0m [1;30mDEBUG[0m [32mPackage 'src/machine_move' with type 'ros.ament_python' and name 'machine_move'[0m
[2.657s] [34mcolcon.colcon_core.package_identification[0m [1;30mLevel 1[0m _identify(src/msc) by extensions ['ignore', 'ignore_ament_install']
[2.657s] [34mcolcon.colcon_core.package_identification[0m [1;30mLevel 1[0m _identify(src/msc) by extension 'ignore'
[2.657s] [34mcolcon.colcon_core.package_identification[0m [1;30mLevel 1[0m _identify(src/msc) by extension 'ignore_ament_install'
[2.658s] [34mcolcon.colcon_core.package_identification[0m [1;30mLevel 1[0m _identify(src/msc) by extensions ['colcon_pkg']
[2.658s] [34mcolcon.colcon_core.package_identification[0m [1;30mLevel 1[0m _identify(src/msc) by extension 'colcon_pkg'
[2.658s] [34mcolcon.colcon_core.package_identification[0m [1;30mLevel 1[0m _identify(src/msc) by extensions ['colcon_meta']
[2.658s] [34mcolcon.colcon_core.package_identification[0m [1;30mLevel 1[0m _identify(src/msc) by extension 'colcon_meta'
[2.658s] [34mcolcon.colcon_core.package_identification[0m [1;30mLevel 1[0m _identify(src/msc) by extensions ['ros']
[2.658s] [34mcolcon.colcon_core.package_identification[0m [1;30mLevel 1[0m _identify(src/msc) by extension 'ros'
[2.659s] [34mcolcon.colcon_core.package_identification[0m [1;30mLevel 1[0m _identify(src/msc) by extensions ['cmake', 'python']
[2.659s] [34mcolcon.colcon_core.package_identification[0m [1;30mLevel 1[0m _identify(src/msc) by extension 'cmake'
[2.659s] [34mcolcon.colcon_core.package_identification[0m [1;30mLevel 1[0m _identify(src/msc) by extension 'python'
[2.659s] [34mcolcon.colcon_core.package_identification[0m [1;30mLevel 1[0m _identify(src/msc) by extensions ['python_setup_py']
[2.660s] [34mcolcon.colcon_core.package_identification[0m [1;30mLevel 1[0m _identify(src/msc) by extension 'python_setup_py'
[2.660s] [34mcolcon.colcon_core.package_identification[0m [1;30mLevel 1[0m _identify(src/msc/14568787b9f27199e9ec950aa0af565e) by extensions ['ignore', 'ignore_ament_install']
[2.661s] [34mcolcon.colcon_core.package_identification[0m [1;30mLevel 1[0m _identify(src/msc/14568787b9f27199e9ec950aa0af565e) by extension 'ignore'
[2.661s] [34mcolcon.colcon_core.package_identification[0m [1;30mLevel 1[0m _identify(src/msc/14568787b9f27199e9ec950aa0af565e) by extension 'ignore_ament_install'
[2.661s] [34mcolcon.colcon_core.package_identification[0m [1;30mLevel 1[0m _identify(src/msc/14568787b9f27199e9ec950aa0af565e) by extensions ['colcon_pkg']
[2.661s] [34mcolcon.colcon_core.package_identification[0m [1;30mLevel 1[0m _identify(src/msc/14568787b9f27199e9ec950aa0af565e) by extension 'colcon_pkg'
[2.662s] [34mcolcon.colcon_core.package_identification[0m [1;30mLevel 1[0m _identify(src/msc/14568787b9f27199e9ec950aa0af565e) by extensions ['colcon_meta']
[2.662s] [34mcolcon.colcon_core.package_identification[0m [1;30mLevel 1[0m _identify(src/msc/14568787b9f27199e9ec950aa0af565e) by extension 'colcon_meta'
[2.662s] [34mcolcon.colcon_core.package_identification[0m [1;30mLevel 1[0m _identify(src/msc/14568787b9f27199e9ec950aa0af565e) by extensions ['ros']
[2.662s] [34mcolcon.colcon_core.package_identification[0m [1;30mLevel 1[0m _identify(src/msc/14568787b9f27199e9ec950aa0af565e) by extension 'ros'
[2.662s] [34mcolcon.colcon_core.package_identification[0m [1;30mLevel 1[0m _identify(src/msc/14568787b9f27199e9ec950aa0af565e) by extensions ['cmake', 'python']
[2.662s] [34mcolcon.colcon_core.package_identification[0m [1;30mLevel 1[0m _identify(src/msc/14568787b9f27199e9ec950aa0af565e) by extension 'cmake'
[2.662s] [34mcolcon.colcon_core.package_identification[0m [1;30mLevel 1[0m _identify(src/msc/14568787b9f27199e9ec950aa0af565e) by extension 'python'
[2.662s] [34mcolcon.colcon_core.package_identification[0m [1;30mLevel 1[0m _identify(src/msc/14568787b9f27199e9ec950aa0af565e) by extensions ['python_setup_py']
[2.662s] [34mcolcon.colcon_core.package_identification[0m [1;30mLevel 1[0m _identify(src/msc/14568787b9f27199e9ec950aa0af565e) by extension 'python_setup_py'
[2.663s] [34mcolcon.colcon_core.package_discovery[0m [1;30mLevel 1[0m discover_packages(recursive) using defaults
[2.663s] [34mcolcon.colcon_core.package_discovery[0m [1;30mLevel 1[0m discover_packages(ignore) discover
[2.663s] [34mcolcon.colcon_core.package_discovery[0m [1;30mLevel 1[0m discover_packages(ignore) using defaults
[2.663s] [34mcolcon.colcon_core.package_discovery[0m [1;30mLevel 1[0m discover_packages(path) discover
[2.663s] [34mcolcon.colcon_core.package_discovery[0m [1;30mLevel 1[0m discover_packages(path) using defaults
[2.789s] [34mcolcon.colcon_core.package_discovery[0m [1;30mLevel 1[0m discover_packages(prefix_path) check parameters
[2.790s] [34mcolcon.colcon_core.package_discovery[0m [1;30mLevel 1[0m discover_packages(prefix_path) discover
[2.848s] [34mcolcon.colcon_installed_package_information.package_discovery[0m [1;30mDEBUG[0m [32mFound 14 installed packages in /home/ubuntu/third_party_ros2/rtabmap_ws/install[0m
[2.851s] [34mcolcon.colcon_installed_package_information.package_discovery[0m [1;30mDEBUG[0m [32mFound 3 installed packages in /home/ubuntu/third_party_ros2/orbbec_ws/install[0m
[2.864s] [34mcolcon.colcon_installed_package_information.package_discovery[0m [1;30mDEBUG[0m [32mFound 15 installed packages in /home/ubuntu/third_party_ros2/third_party_ws/install[0m
[2.876s] [34mcolcon.colcon_installed_package_information.package_discovery[0m [1;30mDEBUG[0m [32mFound 19 installed packages in /home/ubuntu/ros2_ws/install[0m
[2.888s] [34mcolcon.colcon_installed_package_information.package_discovery[0m [1;30mDEBUG[0m [32mFound 357 installed packages in /opt/ros/humble[0m
[2.900s] [34mcolcon.colcon_core.package_discovery[0m [1;30mLevel 1[0m discover_packages(prefix_path) using defaults
[4.956s] [34mcolcon.colcon_core.verb[0m [1;30mLevel 5[0m set package 'capture_topic' build argument 'cmake_args' from command line to 'None'
[4.961s] [34mcolcon.colcon_core.verb[0m [1;30mLevel 5[0m set package 'capture_topic' build argument 'cmake_target' from command line to 'None'
[4.961s] [34mcolcon.colcon_core.verb[0m [1;30mLevel 5[0m set package 'capture_topic' build argument 'cmake_target_skip_unavailable' from command line to 'False'
[4.963s] [34mcolcon.colcon_core.verb[0m [1;30mLevel 5[0m set package 'capture_topic' build argument 'cmake_clean_cache' from command line to 'False'
[4.963s] [34mcolcon.colcon_core.verb[0m [1;30mLevel 5[0m set package 'capture_topic' build argument 'cmake_clean_first' from command line to 'False'
[4.964s] [34mcolcon.colcon_core.verb[0m [1;30mLevel 5[0m set package 'capture_topic' build argument 'cmake_force_configure' from command line to 'False'
[4.964s] [34mcolcon.colcon_core.verb[0m [1;30mLevel 5[0m set package 'capture_topic' build argument 'ament_cmake_args' from command line to 'None'
[4.964s] [34mcolcon.colcon_core.verb[0m [1;30mLevel 5[0m set package 'capture_topic' build argument 'catkin_cmake_args' from command line to 'None'
[4.967s] [34mcolcon.colcon_core.verb[0m [1;30mLevel 5[0m set package 'capture_topic' build argument 'catkin_skip_building_tests' from command line to 'False'
[4.967s] [34mcolcon.colcon_core.verb[0m [1;30mDEBUG[0m [32mBuilding package 'capture_topic' with the following arguments: {'ament_cmake_args': None, 'build_base': '/home/ubuntu/script test/build/capture_topic', 'catkin_cmake_args': None, 'catkin_skip_building_tests': False, 'cmake_args': None, 'cmake_clean_cache': False, 'cmake_clean_first': False, 'cmake_force_configure': False, 'cmake_target': None, 'cmake_target_skip_unavailable': False, 'install_base': '/home/ubuntu/script test/install/capture_topic', 'merge_install': False, 'path': '/home/ubuntu/script test/src/capture_topic', 'symlink_install': False, 'test_result_base': None}[0m
[4.974s] [34mcolcon.colcon_core.verb[0m [1;30mLevel 5[0m set package 'machine_move' build argument 'cmake_args' from command line to 'None'
[4.974s] [34mcolcon.colcon_core.verb[0m [1;30mLevel 5[0m set package 'machine_move' build argument 'cmake_target' from command line to 'None'
[4.974s] [34mcolcon.colcon_core.verb[0m [1;30mLevel 5[0m set package 'machine_move' build argument 'cmake_target_skip_unavailable' from command line to 'False'
[4.975s] [34mcolcon.colcon_core.verb[0m [1;30mLevel 5[0m set package 'machine_move' build argument 'cmake_clean_cache' from command line to 'False'
[4.976s] [34mcolcon.colcon_core.verb[0m [1;30mLevel 5[0m set package 'machine_move' build argument 'cmake_clean_first' from command line to 'False'
[4.976s] [34mcolcon.colcon_core.verb[0m [1;30mLevel 5[0m set package 'machine_move' build argument 'cmake_force_configure' from command line to 'False'
[4.976s] [34mcolcon.colcon_core.verb[0m [1;30mLevel 5[0m set package 'machine_move' build argument 'ament_cmake_args' from command line to 'None'
[4.977s] [34mcolcon.colcon_core.verb[0m [1;30mLevel 5[0m set package 'machine_move' build argument 'catkin_cmake_args' from command line to 'None'
[4.977s] [34mcolcon.colcon_core.verb[0m [1;30mLevel 5[0m set package 'machine_move' build argument 'catkin_skip_building_tests' from command line to 'False'
[4.977s] [34mcolcon.colcon_core.verb[0m [1;30mDEBUG[0m [32mBuilding package 'machine_move' with the following arguments: {'ament_cmake_args': None, 'build_base': '/home/ubuntu/script test/build/machine_move', 'catkin_cmake_args': None, 'catkin_skip_building_tests': False, 'cmake_args': None, 'cmake_clean_cache': False, 'cmake_clean_first': False, 'cmake_force_configure': False, 'cmake_target': None, 'cmake_target_skip_unavailable': False, 'install_base': '/home/ubuntu/script test/install/machine_move', 'merge_install': False, 'path': '/home/ubuntu/script test/src/machine_move', 'symlink_install': False, 'test_result_base': None}[0m
[4.978s] [34mcolcon.colcon_core.executor[0m [1;30mINFO[0m Executing jobs using 'parallel' executor
[4.995s] [34mcolcon.colcon_parallel_executor.executor.parallel[0m [1;30mDEBUG[0m [32mrun_until_complete[0m
[4.999s] [34mcolcon.colcon_ros.task.ament_python.build[0m [1;30mINFO[0m Building ROS package in '/home/ubuntu/script test/src/capture_topic' with build type 'ament_python'
[5.000s] [34mcolcon.colcon_core.shell[0m [1;30mLevel 1[0m create_environment_hook('capture_topic', 'ament_prefix_path')
[5.124s] [34mcolcon.colcon_core.plugin_system[0m [1;30mINFO[0m Skipping extension 'colcon_core.shell.bat': Not used on non-Windows systems
[5.138s] [34mcolcon.colcon_core.shell[0m [1;30mINFO[0m Creating environment hook '/home/ubuntu/script test/install/capture_topic/share/capture_topic/hook/ament_prefix_path.ps1'
[5.250s] [34mcolcon.colcon_core.shell[0m [1;30mINFO[0m Creating environment descriptor '/home/ubuntu/script test/install/capture_topic/share/capture_topic/hook/ament_prefix_path.dsv'
[5.312s] [34mcolcon.colcon_core.shell[0m [1;30mINFO[0m Creating environment hook '/home/ubuntu/script test/install/capture_topic/share/capture_topic/hook/ament_prefix_path.sh'
[5.512s] [34mcolcon.colcon_core.shell[0m [1;30mINFO[0m Skip shell extension 'powershell' for command environment: Not usable outside of PowerShell
[5.523s] [34mcolcon.colcon_core.shell[0m [1;30mDEBUG[0m [32mSkip shell extension 'dsv' for command environment[0m
[5.812s] [34mcolcon.colcon_ros.task.ament_python.build[0m [1;30mINFO[0m Building ROS package in '/home/ubuntu/script test/src/machine_move' with build type 'ament_python'
[5.812s] [34mcolcon.colcon_core.shell[0m [1;30mLevel 1[0m create_environment_hook('machine_move', 'ament_prefix_path')
[5.818s] [34mcolcon.colcon_core.shell[0m [1;30mINFO[0m Creating environment hook '/home/ubuntu/script test/install/machine_move/share/machine_move/hook/ament_prefix_path.ps1'
[5.826s] [34mcolcon.colcon_core.shell[0m [1;30mINFO[0m Creating environment descriptor '/home/ubuntu/script test/install/machine_move/share/machine_move/hook/ament_prefix_path.dsv'
[5.833s] [34mcolcon.colcon_core.shell[0m [1;30mINFO[0m Creating environment hook '/home/ubuntu/script test/install/machine_move/share/machine_move/hook/ament_prefix_path.sh'
[5.867s] [34mcolcon.colcon_core.shell[0m [1;30mINFO[0m Skip shell extension 'powershell' for command environment: Not usable outside of PowerShell
[5.909s] [34mcolcon.colcon_core.shell[0m [1;30mDEBUG[0m [32mSkip shell extension 'dsv' for command environment[0m
[17.211s] [34mcolcon.colcon_core.task.python.build[0m [1;30mINFO[0m Building Python package in '/home/ubuntu/script test/src/capture_topic'
[17.225s] [34mcolcon.colcon_core.shell[0m [1;30mINFO[0m Skip shell extension 'powershell' for command environment: Not usable outside of PowerShell
[17.226s] [34mcolcon.colcon_core.shell[0m [1;30mDEBUG[0m [32mSkip shell extension 'dsv' for command environment[0m
[20.911s] [34mcolcon.colcon_core.task.python.build[0m [1;30mINFO[0m Building Python package in '/home/ubuntu/script test/src/machine_move'
[20.912s] [34mcolcon.colcon_core.shell[0m [1;30mINFO[0m Skip shell extension 'powershell' for command environment: Not usable outside of PowerShell
[20.912s] [34mcolcon.colcon_core.shell[0m [1;30mDEBUG[0m [32mSkip shell extension 'dsv' for command environment[0m
[30.979s] [34mcolcon.colcon_core.event_handler.log_command[0m [1;30mDEBUG[0m [32mInvoking command in '/home/ubuntu/script test/src/capture_topic': PYTHONPATH=/home/ubuntu/script test/build/capture_topic/prefix_override:/home/ubuntu/script test/install/capture_topic/lib/python3.10/site-packages:${PYTHONPATH} /usr/bin/python3 -W ignore:setup.py install is deprecated setup.py egg_info --egg-base ../../build/capture_topic build --build-base /home/ubuntu/script test/build/capture_topic/build install --record /home/ubuntu/script test/build/capture_topic/install.log --single-version-externally-managed install_data[0m
[33.649s] [34mcolcon.colcon_core.event_handler.log_command[0m [1;30mDEBUG[0m [32mInvoking command in '/home/ubuntu/script test/src/machine_move': PYTHONPATH=/home/ubuntu/script test/build/machine_move/prefix_override:/home/ubuntu/script test/install/machine_move/lib/python3.10/site-packages:${PYTHONPATH} /usr/bin/python3 -W ignore:setup.py install is deprecated setup.py egg_info --egg-base ../../build/machine_move build --build-base /home/ubuntu/script test/build/machine_move/build install --record /home/ubuntu/script test/build/machine_move/install.log --single-version-externally-managed install_data[0m
[40.241s] [34mcolcon.colcon_core.event_handler.log_command[0m [1;30mDEBUG[0m [32mInvoked command in '/home/ubuntu/script test/src/capture_topic' returned '0': PYTHONPATH=/home/ubuntu/script test/build/capture_topic/prefix_override:/home/ubuntu/script test/install/capture_topic/lib/python3.10/site-packages:${PYTHONPATH} /usr/bin/python3 -W ignore:setup.py install is deprecated setup.py egg_info --egg-base ../../build/capture_topic build --build-base /home/ubuntu/script test/build/capture_topic/build install --record /home/ubuntu/script test/build/capture_topic/install.log --single-version-externally-managed install_data[0m
[40.410s] [34mcolcon.colcon_core.environment[0m [1;30mLevel 1[0m checking '/home/ubuntu/script test/install/capture_topic' for CMake module files
[40.411s] [34mcolcon.colcon_core.environment[0m [1;30mLevel 1[0m checking '/home/ubuntu/script test/install/capture_topic' for CMake config files
[40.522s] [34mcolcon.colcon_core.environment[0m [1;30mLevel 1[0m checking '/home/ubuntu/script test/install/capture_topic/lib'
[40.523s] [34mcolcon.colcon_core.environment[0m [1;30mLevel 1[0m checking '/home/ubuntu/script test/install/capture_topic/bin'
[40.523s] [34mcolcon.colcon_core.environment[0m [1;30mLevel 1[0m checking '/home/ubuntu/script test/install/capture_topic/lib/pkgconfig/capture_topic.pc'
[40.523s] [34mcolcon.colcon_core.environment[0m [1;30mLevel 1[0m checking '/home/ubuntu/script test/install/capture_topic/lib/python3.10/site-packages'
[40.523s] [34mcolcon.colcon_core.shell[0m [1;30mLevel 1[0m create_environment_hook('capture_topic', 'pythonpath')
[40.540s] [34mcolcon.colcon_core.shell[0m [1;30mINFO[0m Creating environment hook '/home/ubuntu/script test/install/capture_topic/share/capture_topic/hook/pythonpath.ps1'
[40.597s] [34mcolcon.colcon_core.shell[0m [1;30mINFO[0m Creating environment descriptor '/home/ubuntu/script test/install/capture_topic/share/capture_topic/hook/pythonpath.dsv'
[40.694s] [34mcolcon.colcon_core.shell[0m [1;30mINFO[0m Creating environment hook '/home/ubuntu/script test/install/capture_topic/share/capture_topic/hook/pythonpath.sh'
[40.718s] [34mcolcon.colcon_core.environment[0m [1;30mLevel 1[0m checking '/home/ubuntu/script test/install/capture_topic/bin'
[40.727s] [34mcolcon.colcon_core.environment[0m [1;30mLevel 1[0m create_environment_scripts_only(capture_topic)
[40.735s] [34mcolcon.colcon_core.shell[0m [1;30mINFO[0m Creating package script '/home/ubuntu/script test/install/capture_topic/share/capture_topic/package.ps1'
[40.835s] [34mcolcon.colcon_core.shell[0m [1;30mINFO[0m Creating package descriptor '/home/ubuntu/script test/install/capture_topic/share/capture_topic/package.dsv'
[40.844s] [34mcolcon.colcon_core.shell[0m [1;30mINFO[0m Creating package script '/home/ubuntu/script test/install/capture_topic/share/capture_topic/package.sh'
[40.862s] [34mcolcon.colcon_core.shell[0m [1;30mINFO[0m Creating package script '/home/ubuntu/script test/install/capture_topic/share/capture_topic/package.bash'
[40.875s] [34mcolcon.colcon_core.shell[0m [1;30mINFO[0m Creating package script '/home/ubuntu/script test/install/capture_topic/share/capture_topic/package.zsh'
[40.882s] [34mcolcon.colcon_core.environment[0m [1;30mLevel 1[0m create_file_with_runtime_dependencies(/home/ubuntu/script test/install/capture_topic/share/colcon-core/packages/capture_topic)
[42.471s] [34mcolcon.colcon_core.environment[0m [1;30mLevel 1[0m checking '/home/ubuntu/script test/install/machine_move' for CMake module files
[42.472s] [34mcolcon.colcon_core.environment[0m [1;30mLevel 1[0m checking '/home/ubuntu/script test/install/machine_move' for CMake config files
[42.475s] [34mcolcon.colcon_core.event_handler.log_command[0m [1;30mDEBUG[0m [32mInvoked command in '/home/ubuntu/script test/src/machine_move' returned '0': PYTHONPATH=/home/ubuntu/script test/build/machine_move/prefix_override:/home/ubuntu/script test/install/machine_move/lib/python3.10/site-packages:${PYTHONPATH} /usr/bin/python3 -W ignore:setup.py install is deprecated setup.py egg_info --egg-base ../../build/machine_move build --build-base /home/ubuntu/script test/build/machine_move/build install --record /home/ubuntu/script test/build/machine_move/install.log --single-version-externally-managed install_data[0m
[42.477s] [34mcolcon.colcon_core.environment[0m [1;30mLevel 1[0m checking '/home/ubuntu/script test/install/machine_move/lib'
[42.478s] [34mcolcon.colcon_core.environment[0m [1;30mLevel 1[0m checking '/home/ubuntu/script test/install/machine_move/bin'
[42.479s] [34mcolcon.colcon_core.environment[0m [1;30mLevel 1[0m checking '/home/ubuntu/script test/install/machine_move/lib/pkgconfig/machine_move.pc'
[42.480s] [34mcolcon.colcon_core.environment[0m [1;30mLevel 1[0m checking '/home/ubuntu/script test/install/machine_move/lib/python3.10/site-packages'
[42.491s] [34mcolcon.colcon_core.shell[0m [1;30mLevel 1[0m create_environment_hook('machine_move', 'pythonpath')
[42.499s] [34mcolcon.colcon_core.shell[0m [1;30mINFO[0m Creating environment hook '/home/ubuntu/script test/install/machine_move/share/machine_move/hook/pythonpath.ps1'
[42.501s] [34mcolcon.colcon_core.shell[0m [1;30mINFO[0m Creating environment descriptor '/home/ubuntu/script test/install/machine_move/share/machine_move/hook/pythonpath.dsv'
[42.505s] [34mcolcon.colcon_core.shell[0m [1;30mINFO[0m Creating environment hook '/home/ubuntu/script test/install/machine_move/share/machine_move/hook/pythonpath.sh'
[42.516s] [34mcolcon.colcon_core.environment[0m [1;30mLevel 1[0m checking '/home/ubuntu/script test/install/machine_move/bin'
[42.517s] [34mcolcon.colcon_core.environment[0m [1;30mLevel 1[0m create_environment_scripts_only(machine_move)
[42.525s] [34mcolcon.colcon_core.shell[0m [1;30mINFO[0m Creating package script '/home/ubuntu/script test/install/machine_move/share/machine_move/package.ps1'
[42.561s] [34mcolcon.colcon_core.shell[0m [1;30mINFO[0m Creating package descriptor '/home/ubuntu/script test/install/machine_move/share/machine_move/package.dsv'
[42.580s] [34mcolcon.colcon_core.shell[0m [1;30mINFO[0m Creating package script '/home/ubuntu/script test/install/machine_move/share/machine_move/package.sh'
[42.604s] [34mcolcon.colcon_core.shell[0m [1;30mINFO[0m Creating package script '/home/ubuntu/script test/install/machine_move/share/machine_move/package.bash'
[42.608s] [34mcolcon.colcon_core.shell[0m [1;30mINFO[0m Creating package script '/home/ubuntu/script test/install/machine_move/share/machine_move/package.zsh'
[42.615s] [34mcolcon.colcon_core.environment[0m [1;30mLevel 1[0m create_file_with_runtime_dependencies(/home/ubuntu/script test/install/machine_move/share/colcon-core/packages/machine_move)
[42.633s] [34mcolcon.colcon_parallel_executor.executor.parallel[0m [1;30mDEBUG[0m [32mclosing loop[0m
[42.634s] [34mcolcon.colcon_parallel_executor.executor.parallel[0m [1;30mDEBUG[0m [32mloop closed[0m
[42.635s] [34mcolcon.colcon_parallel_executor.executor.parallel[0m [1;30mDEBUG[0m [32mrun_until_complete finished with '0'[0m
[42.635s] [34mcolcon.colcon_core.event_reactor[0m [1;30mDEBUG[0m [32mjoining thread[0m
[43.231s] [34mcolcon.colcon_core.plugin_system[0m [1;30mINFO[0m Skipping extension 'colcon_notification.desktop_notification.terminal_notifier': Not used on non-Darwin systems
[43.231s] [34mcolcon.colcon_core.plugin_system[0m [1;30mINFO[0m Skipping extension 'colcon_notification.desktop_notification.win32': Not used on non-Windows systems
[43.248s] [34mcolcon.colcon_notification.desktop_notification[0m [1;30mINFO[0m Sending desktop notification using 'notify2'
[44.410s] [34mcolcon.colcon_core.event_reactor[0m [1;30mDEBUG[0m [32mjoined thread[0m
[44.411s] [34mcolcon.colcon_core.shell[0m [1;30mINFO[0m Creating prefix script '/home/ubuntu/script test/install/local_setup.ps1'
[44.423s] [34mcolcon.colcon_core.shell[0m [1;30mINFO[0m Creating prefix util module '/home/ubuntu/script test/install/_local_setup_util_ps1.py'
[44.445s] [34mcolcon.colcon_core.shell[0m [1;30mINFO[0m Creating prefix chain script '/home/ubuntu/script test/install/setup.ps1'
[44.726s] [34mcolcon.colcon_core.shell[0m [1;30mINFO[0m Creating prefix script '/home/ubuntu/script test/install/local_setup.sh'
[44.733s] [34mcolcon.colcon_core.shell[0m [1;30mINFO[0m Creating prefix util module '/home/ubuntu/script test/install/_local_setup_util_sh.py'
[44.734s] [34mcolcon.colcon_core.shell[0m [1;30mINFO[0m Creating prefix chain script '/home/ubuntu/script test/install/setup.sh'
[44.799s] [34mcolcon.colcon_core.shell[0m [1;30mINFO[0m Creating prefix script '/home/ubuntu/script test/install/local_setup.bash'
[44.806s] [34mcolcon.colcon_core.shell[0m [1;30mINFO[0m Creating prefix chain script '/home/ubuntu/script test/install/setup.bash'
[44.836s] [34mcolcon.colcon_core.shell[0m [1;30mINFO[0m Creating prefix script '/home/ubuntu/script test/install/local_setup.zsh'
[44.848s] [34mcolcon.colcon_core.shell[0m [1;30mINFO[0m Creating prefix chain script '/home/ubuntu/script test/install/setup.zsh'
