[8.199s] Invoking command in '/home/ubuntu/script test/src/machine_move': PYTHONPATH=/home/ubuntu/script test/build/machine_move/prefix_override:/home/ubuntu/script test/install/machine_move/lib/python3.10/site-packages:${PYTHONPATH} /usr/bin/python3 -W ignore:setup.py install is deprecated setup.py egg_info --egg-base ../../build/machine_move build --build-base /home/ubuntu/script test/build/machine_move/build install --record /home/ubuntu/script test/build/machine_move/install.log --single-version-externally-managed install_data
[9.170s] running egg_info
[9.217s] writing ../../build/machine_move/machine_move.egg-info/PKG-INFO
[9.219s] writing dependency_links to ../../build/machine_move/machine_move.egg-info/dependency_links.txt
[9.219s] writing entry points to ../../build/machine_move/machine_move.egg-info/entry_points.txt
[9.220s] writing requirements to ../../build/machine_move/machine_move.egg-info/requires.txt
[9.220s] writing top-level names to ../../build/machine_move/machine_move.egg-info/top_level.txt
[9.315s] reading manifest file '../../build/machine_move/machine_move.egg-info/SOURCES.txt'
[9.318s] writing manifest file '../../build/machine_move/machine_move.egg-info/SOURCES.txt'
[9.318s] running build
[9.318s] running build_py
[9.320s] copying machine_move/move.py -> /home/ubuntu/script test/build/machine_move/build/lib/machine_move
[9.321s] copying machine_move/stop.py -> /home/ubuntu/script test/build/machine_move/build/lib/machine_move
[9.322s] copying machine_move/__init__.py -> /home/ubuntu/script test/build/machine_move/build/lib/machine_move
[9.322s] running install
[9.335s] running install_lib
[9.388s] running install_data
[9.389s] copying resource/machine_move -> /home/ubuntu/script test/install/machine_move/share/ament_index/resource_index/packages
[9.389s] copying package.xml -> /home/ubuntu/script test/install/machine_move/share/machine_move
[9.389s] running install_egg_info
[9.441s] removing '/home/ubuntu/script test/install/machine_move/lib/python3.10/site-packages/machine_move-0.0.0-py3.10.egg-info' (and everything under it)
[9.441s] Copying ../../build/machine_move/machine_move.egg-info to /home/ubuntu/script test/install/machine_move/lib/python3.10/site-packages/machine_move-0.0.0-py3.10.egg-info
[9.444s] running install_scripts
[9.860s] Installing move script to /home/ubuntu/script test/install/machine_move/lib/machine_move
[9.861s] Installing stop script to /home/ubuntu/script test/install/machine_move/lib/machine_move
[9.862s] writing list of installed files to '/home/ubuntu/script test/build/machine_move/install.log'
[10.009s] Invoked command in '/home/ubuntu/script test/src/machine_move' returned '0': PYTHONPATH=/home/ubuntu/script test/build/machine_move/prefix_override:/home/ubuntu/script test/install/machine_move/lib/python3.10/site-packages:${PYTHONPATH} /usr/bin/python3 -W ignore:setup.py install is deprecated setup.py egg_info --egg-base ../../build/machine_move build --build-base /home/ubuntu/script test/build/machine_move/build install --record /home/ubuntu/script test/build/machine_move/install.log --single-version-externally-managed install_data
